TN:
SF:src/App.tsx
FN:1,(empty-report)
FNF:1
FNH:0
FNDA:0,(empty-report)
DA:1,0
DA:2,0
DA:3,0
DA:4,0
DA:5,0
DA:6,0
DA:7,0
DA:8,0
DA:9,0
DA:10,0
DA:11,0
DA:12,0
DA:13,0
DA:14,0
DA:15,0
DA:16,0
DA:17,0
DA:18,0
DA:19,0
DA:20,0
DA:21,0
DA:23,0
DA:25,0
DA:26,0
DA:27,0
DA:28,0
DA:29,0
DA:30,0
DA:31,0
DA:32,0
DA:33,0
DA:34,0
DA:35,0
DA:36,0
DA:37,0
DA:38,0
DA:39,0
DA:40,0
DA:41,0
DA:42,0
DA:43,0
DA:44,0
DA:45,0
DA:46,0
DA:47,0
DA:55,0
LF:46
LH:0
BRDA:1,0,0,0
BRF:1
BRH:0
end_of_record
TN:
SF:src/main.tsx
FN:1,(empty-report)
FNF:1
FNH:0
FNDA:0,(empty-report)
DA:1,0
DA:2,0
DA:3,0
DA:5,0
LF:4
LH:0
BRDA:1,0,0,0
BRF:1
BRH:0
end_of_record
TN:
SF:src/components/AdvancedSimulator.tsx
FN:1,(empty-report)
FNF:1
FNH:0
FNDA:0,(empty-report)
DA:1,0
DA:27,0
DA:28,0
DA:29,0
DA:30,0
DA:31,0
DA:32,0
DA:34,0
DA:35,0
DA:37,0
DA:39,0
DA:41,0
DA:42,0
DA:43,0
DA:44,0
DA:45,0
DA:47,0
DA:48,0
DA:49,0
DA:50,0
DA:51,0
DA:53,0
DA:54,0
DA:55,0
DA:56,0
DA:58,0
DA:59,0
DA:60,0
DA:61,0
DA:63,0
DA:64,0
DA:65,0
DA:66,0
DA:67,0
DA:68,0
DA:70,0
DA:71,0
DA:72,0
DA:73,0
DA:75,0
DA:76,0
DA:77,0
DA:78,0
DA:79,0
DA:80,0
DA:81,0
DA:83,0
DA:85,0
DA:86,0
DA:87,0
DA:89,0
DA:90,0
DA:91,0
DA:92,0
DA:93,0
DA:94,0
DA:96,0
DA:97,0
DA:98,0
DA:99,0
DA:100,0
DA:102,0
DA:103,0
DA:104,0
DA:105,0
DA:106,0
DA:107,0
DA:108,0
DA:109,0
DA:110,0
DA:112,0
DA:113,0
DA:114,0
DA:115,0
DA:116,0
DA:117,0
DA:118,0
DA:119,0
DA:120,0
DA:121,0
DA:122,0
DA:123,0
DA:125,0
DA:126,0
DA:127,0
DA:128,0
DA:129,0
DA:132,0
DA:136,0
DA:138,0
DA:139,0
DA:140,0
DA:141,0
DA:142,0
DA:147,0
DA:148,0
DA:149,0
DA:150,0
DA:151,0
DA:152,0
DA:153,0
DA:155,0
DA:156,0
DA:158,0
DA:159,0
DA:160,0
DA:161,0
DA:168,0
DA:169,0
DA:170,0
DA:171,0
DA:172,0
DA:173,0
DA:174,0
DA:175,0
DA:179,0
DA:180,0
DA:181,0
DA:182,0
DA:183,0
DA:185,0
DA:192,0
DA:193,0
DA:194,0
DA:195,0
DA:196,0
DA:198,0
DA:199,0
DA:200,0
DA:201,0
DA:206,0
DA:207,0
DA:208,0
DA:209,0
DA:211,0
DA:212,0
DA:214,0
DA:215,0
DA:216,0
DA:221,0
DA:222,0
DA:223,0
DA:225,0
DA:226,0
DA:229,0
DA:230,0
DA:231,0
DA:232,0
DA:233,0
DA:236,0
DA:237,0
DA:238,0
DA:239,0
DA:242,0
DA:243,0
DA:244,0
DA:245,0
DA:246,0
DA:247,0
DA:254,0
DA:255,0
DA:256,0
DA:257,0
DA:258,0
DA:259,0
DA:260,0
DA:261,0
DA:263,0
DA:264,0
DA:265,0
DA:266,0
DA:268,0
DA:269,0
DA:270,0
DA:272,0
DA:273,0
DA:274,0
DA:279,0
DA:280,0
DA:281,0
DA:282,0
DA:283,0
DA:284,0
DA:285,0
DA:286,0
DA:287,0
DA:288,0
DA:293,0
DA:300,0
DA:301,0
DA:302,0
DA:303,0
DA:304,0
DA:312,0
DA:313,0
DA:314,0
DA:315,0
DA:316,0
DA:317,0
DA:318,0
DA:319,0
DA:320,0
DA:325,0
DA:336,0
LF:204
LH:0
BRDA:1,0,0,0
BRF:1
BRH:0
end_of_record
TN:
SF:src/components/ChannelMetricCard.tsx
FN:12,toTitleCase
FN:14,formatSeconds
FN:28,ChannelMetricCard
FNF:3
FNH:3
FNDA:4,toTitleCase
FNDA:4,formatSeconds
FNDA:4,ChannelMetricCard
DA:1,1
DA:2,1
DA:4,1
DA:5,1
DA:12,1
DA:14,1
DA:15,4
DA:16,0
DA:17,0
DA:19,4
DA:20,1
DA:21,1
DA:23,3
DA:24,3
DA:25,3
DA:26,3
DA:28,1
DA:29,4
DA:30,4
DA:31,4
DA:32,4
DA:33,4
DA:35,4
DA:36,4
DA:37,4
DA:38,4
DA:39,4
DA:40,4
DA:41,4
DA:44,4
DA:45,4
DA:48,4
DA:49,4
DA:50,4
DA:51,4
DA:52,4
DA:53,4
DA:55,4
DA:56,4
DA:58,4
DA:59,4
DA:60,4
DA:61,4
DA:63,4
DA:64,4
DA:66,4
DA:67,4
DA:68,4
DA:69,4
DA:71,4
DA:72,4
DA:74,4
DA:78,4
DA:79,4
DA:80,4
DA:83,4
DA:84,4
DA:85,4
DA:86,4
DA:88,4
DA:89,4
DA:90,4
DA:92,4
DA:93,4
DA:94,4
DA:100,4
DA:102,1
LF:67
LH:65
BRDA:12,0,0,4
BRDA:12,1,0,4
BRDA:12,2,0,0
BRDA:14,3,0,4
BRDA:15,4,0,0
BRDA:19,5,0,1
BRDA:21,6,0,3
BRDA:28,7,0,4
BRDA:29,8,0,0
BRDA:30,9,0,0
BRDA:31,10,0,0
BRDA:32,11,0,0
BRDA:33,12,0,0
BRF:13
BRH:6
end_of_record
TN:
SF:src/components/ConnectionActions.tsx
FN:14,ConnectionActions
FNF:1
FNH:1
FNDA:9,ConnectionActions
DA:1,1
DA:2,1
DA:14,1
DA:15,9
DA:16,9
DA:17,9
DA:18,9
DA:19,9
DA:20,9
DA:21,9
DA:22,9
DA:23,9
DA:24,0
DA:25,0
DA:27,9
DA:28,9
DA:29,9
DA:30,9
DA:31,9
DA:32,9
DA:33,9
DA:34,9
DA:36,9
DA:37,0
DA:39,9
DA:41,9
DA:44,9
DA:45,9
DA:46,9
DA:47,9
DA:48,9
DA:49,9
DA:51,9
DA:52,9
DA:57,9
DA:59,1
LF:36
LH:33
BRDA:14,0,0,9
BRDA:23,1,0,4
BRDA:23,2,0,0
BRDA:34,3,0,4
BRDA:36,4,0,0
BRDA:41,5,0,0
BRF:6
BRH:3
end_of_record
TN:
SF:src/components/ConnectionStatusBadge.tsx
FN:41,normalizeStatus
FN:55,ConnectionStatusBadge
FNF:2
FNH:2
FNDA:8,normalizeStatus
FNDA:12,ConnectionStatusBadge
DA:1,1
DA:2,1
DA:3,1
DA:8,1
DA:9,1
DA:10,1
DA:11,1
DA:12,1
DA:13,1
DA:14,1
DA:15,1
DA:16,1
DA:17,1
DA:18,1
DA:19,1
DA:20,1
DA:21,1
DA:22,1
DA:23,1
DA:24,1
DA:25,1
DA:26,1
DA:27,1
DA:28,1
DA:29,1
DA:30,1
DA:31,1
DA:32,1
DA:33,1
DA:34,1
DA:41,1
DA:42,8
DA:43,0
DA:44,0
DA:45,8
DA:46,8
DA:47,3
DA:48,3
DA:49,8
DA:50,5
DA:51,5
DA:52,0
DA:53,0
DA:55,1
DA:56,12
DA:57,4
DA:58,4
DA:59,4
DA:63,4
DA:65,8
DA:66,8
DA:68,8
DA:69,8
DA:70,8
DA:71,8
DA:74,8
DA:76,1
LF:57
LH:53
BRDA:41,0,0,8
BRDA:42,1,0,0
BRDA:46,2,0,7
BRDA:46,3,0,6
BRDA:46,4,0,3
BRDA:48,5,0,5
BRDA:49,6,0,0
BRDA:49,7,0,5
BRDA:51,8,0,0
BRDA:55,9,0,12
BRDA:56,10,0,4
BRDA:63,11,0,8
BRF:12
BRH:9
end_of_record
TN:
SF:src/components/Layout.tsx
FN:1,(empty-report)
FNF:1
FNH:0
FNDA:0,(empty-report)
DA:1,0
DA:2,0
DA:3,0
DA:4,0
DA:5,0
DA:6,0
DA:17,0
DA:31,0
DA:32,0
DA:33,0
DA:34,0
DA:36,0
DA:37,0
DA:38,0
DA:39,0
DA:40,0
DA:41,0
DA:43,0
DA:44,0
DA:46,0
DA:47,0
DA:48,0
DA:49,0
DA:54,0
DA:56,0
DA:57,0
DA:58,0
DA:59,0
DA:61,0
DA:62,0
DA:63,0
DA:64,0
DA:66,0
DA:67,0
DA:68,0
DA:73,0
DA:74,0
DA:75,0
DA:76,0
DA:77,0
DA:79,0
DA:84,0
DA:85,0
DA:86,0
DA:87,0
DA:89,0
DA:90,0
DA:91,0
DA:92,0
DA:93,0
DA:94,0
DA:95,0
DA:96,0
DA:97,0
DA:98,0
DA:99,0
DA:100,0
DA:101,0
DA:103,0
DA:104,0
DA:107,0
DA:111,0
DA:112,0
DA:113,0
DA:114,0
DA:116,0
DA:117,0
DA:118,0
DA:119,0
DA:120,0
DA:122,0
DA:131,0
DA:133,0
DA:134,0
DA:135,0
DA:136,0
DA:137,0
DA:138,0
DA:140,0
DA:143,0
DA:144,0
DA:145,0
DA:148,0
DA:149,0
DA:150,0
DA:151,0
DA:159,0
DA:160,0
DA:165,0
DA:167,0
LF:90
LH:0
BRDA:1,0,0,0
BRF:1
BRH:0
end_of_record
TN:
SF:src/components/MetricCard.tsx
FN:14,MetricCard
FN:22,getVariantStyles
FN:33,getIconStyles
FN:44,getChangeStyles
FNF:4
FNH:4
FNDA:8,MetricCard
FNDA:8,getVariantStyles
FNDA:8,getIconStyles
FNDA:8,getChangeStyles
DA:1,1
DA:2,1
DA:14,1
DA:15,8
DA:16,8
DA:17,8
DA:18,8
DA:19,8
DA:20,8
DA:21,8
DA:22,8
DA:23,8
DA:24,8
DA:25,3
DA:26,8
DA:27,0
DA:28,8
DA:29,5
DA:30,8
DA:31,8
DA:33,8
DA:34,8
DA:35,8
DA:36,3
DA:37,8
DA:38,0
DA:39,8
DA:40,5
DA:41,8
DA:42,8
DA:44,8
DA:45,8
DA:46,8
DA:47,3
DA:48,8
DA:49,0
DA:50,8
DA:51,5
DA:52,8
DA:53,8
DA:55,8
DA:56,8
DA:57,8
DA:58,8
DA:59,8
DA:61,8
DA:62,8
DA:65,8
DA:66,8
DA:67,8
DA:68,8
DA:69,8
DA:70,8
DA:72,8
DA:78,8
DA:80,1
LF:56
LH:53
BRDA:14,0,0,8
BRDA:22,1,0,8
BRDA:24,2,0,3
BRDA:26,3,0,0
BRDA:28,4,0,5
BRDA:33,5,0,8
BRDA:35,6,0,3
BRDA:37,7,0,0
BRDA:39,8,0,5
BRDA:44,9,0,8
BRDA:46,10,0,3
BRDA:48,11,0,0
BRDA:50,12,0,5
BRF:13
BRH:10
end_of_record
TN:
SF:src/components/PrivateRoute.tsx
FN:1,(empty-report)
FNF:1
FNH:0
FNDA:0,(empty-report)
DA:1,0
DA:2,0
DA:8,0
DA:9,0
DA:11,0
DA:12,0
DA:13,0
DA:14,0
DA:17,0
DA:19,0
DA:20,0
DA:22,0
LF:12
LH:0
BRDA:1,0,0,0
BRF:1
BRH:0
end_of_record
TN:
SF:src/components/RuleFormDialog.tsx
FN:1,(empty-report)
FNF:1
FNH:0
FNDA:0,(empty-report)
DA:1,0
DA:31,0
DA:32,0
DA:33,0
DA:34,0
DA:35,0
DA:36,0
DA:37,0
DA:38,0
DA:39,0
DA:40,0
DA:41,0
DA:42,0
DA:44,0
DA:46,0
DA:47,0
DA:48,0
DA:49,0
DA:50,0
DA:51,0
DA:52,0
DA:53,0
DA:54,0
DA:55,0
DA:56,0
DA:57,0
DA:58,0
DA:59,0
DA:60,0
DA:61,0
DA:62,0
DA:63,0
DA:113,0
DA:114,0
DA:115,0
DA:116,0
DA:118,0
DA:119,0
DA:120,0
DA:121,0
DA:122,0
DA:123,0
DA:124,0
DA:125,0
DA:126,0
DA:127,0
DA:128,0
DA:129,0
DA:131,0
DA:132,0
DA:133,0
DA:134,0
DA:135,0
DA:136,0
DA:137,0
DA:138,0
DA:139,0
DA:140,0
DA:141,0
DA:142,0
DA:144,0
DA:146,0
DA:147,0
DA:148,0
DA:149,0
DA:150,0
DA:151,0
DA:153,0
DA:154,0
DA:155,0
DA:156,0
DA:157,0
DA:159,0
DA:160,0
DA:161,0
DA:162,0
DA:163,0
DA:164,0
DA:165,0
DA:167,0
DA:168,0
DA:169,0
DA:172,0
DA:173,0
DA:174,0
DA:175,0
DA:176,0
DA:177,0
DA:179,0
DA:180,0
DA:181,0
DA:182,0
DA:184,0
DA:185,0
DA:186,0
DA:187,0
DA:188,0
DA:189,0
DA:190,0
DA:191,0
DA:193,0
DA:194,0
DA:195,0
DA:196,0
DA:198,0
DA:200,0
DA:201,0
DA:202,0
DA:203,0
DA:204,0
DA:205,0
DA:206,0
DA:207,0
DA:208,0
DA:209,0
DA:210,0
DA:212,0
DA:213,0
DA:214,0
DA:216,0
DA:217,0
DA:218,0
DA:220,0
DA:221,0
DA:222,0
DA:224,0
DA:225,0
DA:226,0
DA:227,0
DA:228,0
DA:229,0
DA:230,0
DA:231,0
DA:232,0
DA:234,0
DA:235,0
DA:236,0
DA:237,0
DA:238,0
DA:239,0
DA:244,0
DA:245,0
DA:246,0
DA:247,0
DA:248,0
DA:249,0
DA:250,0
DA:251,0
DA:252,0
DA:253,0
DA:254,0
DA:256,0
DA:261,0
DA:262,0
DA:263,0
DA:264,0
DA:265,0
DA:266,0
DA:267,0
DA:268,0
DA:270,0
DA:273,0
DA:279,0
DA:280,0
DA:281,0
DA:282,0
DA:283,0
DA:284,0
DA:285,0
DA:286,0
DA:290,0
DA:291,0
DA:297,0
DA:299,0
DA:300,0
DA:301,0
DA:302,0
DA:303,0
DA:304,0
DA:305,0
DA:306,0
DA:309,0
DA:310,0
DA:311,0
DA:312,0
DA:313,0
DA:315,0
DA:316,0
DA:317,0
DA:319,0
DA:323,0
DA:324,0
DA:332,0
DA:333,0
DA:334,0
DA:335,0
DA:336,0
DA:337,0
DA:338,0
DA:341,0
DA:342,0
DA:343,0
DA:344,0
DA:345,0
DA:347,0
DA:348,0
DA:349,0
DA:351,0
DA:360,0
DA:361,0
DA:362,0
DA:363,0
DA:364,0
DA:365,0
DA:366,0
DA:369,0
DA:370,0
DA:371,0
DA:372,0
DA:373,0
DA:374,0
DA:375,0
DA:376,0
DA:377,0
DA:378,0
DA:379,0
DA:381,0
DA:385,0
DA:386,0
DA:387,0
DA:388,0
DA:389,0
DA:390,0
DA:391,0
DA:392,0
DA:393,0
DA:394,0
DA:405,0
DA:407,0
DA:408,0
DA:409,0
DA:410,0
DA:411,0
DA:412,0
DA:413,0
DA:416,0
DA:417,0
DA:418,0
DA:422,0
DA:423,0
DA:424,0
DA:425,0
DA:426,0
DA:427,0
DA:429,0
DA:430,0
DA:431,0
DA:432,0
DA:435,0
DA:436,0
DA:437,0
DA:443,0
DA:448,0
DA:449,0
DA:450,0
DA:451,0
DA:452,0
DA:453,0
DA:454,0
DA:457,0
DA:458,0
DA:462,0
DA:463,0
DA:464,0
DA:465,0
DA:466,0
DA:467,0
DA:469,0
DA:470,0
DA:471,0
DA:472,0
DA:475,0
DA:476,0
DA:477,0
DA:488,0
DA:489,0
DA:492,0
DA:493,0
DA:501,0
DA:503,0
LF:290
LH:0
BRDA:1,0,0,0
BRF:1
BRH:0
end_of_record
TN:
SF:src/components/SimpleLayout.tsx
FN:23,SimpleLayout
FN:27,renderMobileItems
FN:199,normalizePath
FN:211,matchesPath
FN:229,isItemSelfActive
FN:232,isItemActive
FN:236,getMobileLevelClasses
FNF:7
FNH:7
FNDA:39,SimpleLayout
FNDA:114,renderMobileItems
FNDA:4088,normalizePath
FNDA:2044,matchesPath
FNDA:2044,isItemSelfActive
FNDA:1208,isItemActive
FNDA:456,getMobileLevelClasses
DA:1,1
DA:23,1
DA:24,39
DA:25,39
DA:27,39
DA:28,114
DA:29,456
DA:30,456
DA:31,456
DA:33,456
DA:34,456
DA:35,456
DA:36,456
DA:37,456
DA:38,456
DA:39,456
DA:40,456
DA:41,456
DA:43,456
DA:45,456
DA:46,456
DA:47,456
DA:48,456
DA:50,456
DA:51,456
DA:56,456
DA:57,76
DA:58,76
DA:60,76
DA:63,456
DA:65,39
DA:66,39
DA:67,39
DA:68,39
DA:69,39
DA:70,39
DA:71,39
DA:73,39
DA:74,39
DA:75,39
DA:76,39
DA:77,39
DA:80,39
DA:81,39
DA:82,39
DA:83,39
DA:87,39
DA:88,39
DA:89,39
DA:90,39
DA:91,39
DA:92,39
DA:93,39
DA:94,39
DA:96,39
DA:106,39
DA:107,39
DA:108,39
DA:109,39
DA:110,304
DA:111,304
DA:113,304
DA:114,76
DA:115,76
DA:116,76
DA:117,76
DA:118,76
DA:119,76
DA:121,76
DA:123,76
DA:124,76
DA:126,76
DA:127,76
DA:128,76
DA:129,152
DA:130,152
DA:131,152
DA:133,152
DA:134,152
DA:135,152
DA:136,152
DA:137,152
DA:138,152
DA:139,152
DA:140,152
DA:141,0
DA:143,152
DA:145,152
DA:146,152
DA:151,152
DA:156,76
DA:158,228
DA:159,228
DA:160,228
DA:161,228
DA:162,228
DA:163,228
DA:164,228
DA:165,304
DA:168,304
DA:169,304
DA:170,304
DA:171,304
DA:173,304
DA:174,304
DA:179,304
DA:183,39
DA:184,39
DA:185,39
DA:192,39
DA:193,39
DA:197,39
DA:199,1
DA:200,4088
DA:201,0
DA:202,0
DA:204,4088
DA:205,1944
DA:206,1944
DA:208,2144
DA:209,2144
DA:211,1
DA:212,2044
DA:213,2044
DA:215,2044
DA:216,228
DA:217,0
DA:218,0
DA:220,228
DA:221,228
DA:222,228
DA:224,228
DA:226,1816
DA:227,1816
DA:229,1
DA:230,2044
DA:232,1
DA:233,1208
DA:234,1204
DA:236,1
DA:237,456
DA:238,304
DA:239,304
DA:241,152
DA:242,152
DA:243,152
DA:245,0
DA:246,0
LF:148
LH:141
BRDA:23,0,0,39
BRDA:27,1,0,114
BRDA:28,2,0,456
BRDA:37,3,0,2
BRDA:37,4,0,454
BRDA:48,5,0,2
BRDA:48,6,0,454
BRDA:56,7,0,76
BRDA:56,8,0,76
BRDA:60,9,0,380
BRDA:109,10,0,304
BRDA:113,11,0,76
BRDA:113,12,0,76
BRDA:119,13,0,2
BRDA:121,14,0,74
BRDA:156,15,0,228
BRDA:165,16,0,0
BRDA:171,17,0,0
BRDA:171,18,0,228
BRDA:128,19,0,152
BRDA:140,20,0,0
BRDA:143,21,0,0
BRDA:199,22,0,4088
BRDA:200,23,0,0
BRDA:204,24,0,2144
BRDA:204,25,0,1944
BRDA:211,26,0,2044
BRDA:215,27,0,228
BRDA:216,28,0,0
BRDA:224,29,0,1816
BRDA:229,30,0,2044
BRDA:232,31,0,1208
BRDA:233,32,0,1204
BRDA:234,33,0,148
BRDA:234,34,0,296
BRDA:236,35,0,456
BRDA:237,36,0,304
BRDA:239,37,0,152
BRDA:243,38,0,0
BRF:39
BRH:32
end_of_record
TN:
SF:src/components/SlaComplianceIndicator.tsx
FN:8,getComplianceColor
FN:24,getProgressVariant
FN:40,SlaComplianceIndicator
FNF:3
FNH:3
FNDA:4,getComplianceColor
FNDA:4,getProgressVariant
FNDA:4,SlaComplianceIndicator
DA:1,1
DA:8,1
DA:9,4
DA:10,0
DA:11,0
DA:13,4
DA:14,1
DA:15,1
DA:17,4
DA:18,1
DA:19,1
DA:21,2
DA:22,2
DA:24,1
DA:25,4
DA:26,0
DA:27,0
DA:29,4
DA:30,1
DA:31,1
DA:33,4
DA:34,1
DA:35,1
DA:37,2
DA:38,2
DA:40,1
DA:41,4
DA:43,4
DA:44,4
DA:45,4
DA:46,4
DA:47,4
DA:48,4
DA:51,4
DA:52,4
DA:53,4
DA:54,4
DA:56,4
DA:57,4
DA:58,4
DA:63,4
DA:65,1
LF:42
LH:38
BRDA:8,0,0,4
BRDA:9,1,0,0
BRDA:13,2,0,1
BRDA:15,3,0,3
BRDA:17,4,0,1
BRDA:19,5,0,2
BRDA:24,6,0,4
BRDA:25,7,0,0
BRDA:29,8,0,1
BRDA:31,9,0,3
BRDA:33,10,0,1
BRDA:35,11,0,2
BRDA:40,12,0,4
BRDA:41,13,0,0
BRDA:48,14,0,0
BRF:15
BRH:11
end_of_record
TN:
SF:src/components/providers/ProviderForm.tsx
FN:22,applyMask
FN:46,inferDefaultFromMetadata
FN:80,buildInitialValues
FN:105,ProviderForm
FNF:4
FNH:4
FNDA:11,applyMask
FNDA:14,inferDefaultFromMetadata
FNDA:4,buildInitialValues
FNDA:190,ProviderForm
DA:1,1
DA:20,1
DA:22,11
DA:23,11
DA:24,0
DA:25,0
DA:27,11
DA:28,11
DA:29,11
DA:31,11
DA:32,88
DA:33,77
DA:34,11
DA:35,11
DA:36,66
DA:37,66
DA:38,88
DA:39,11
DA:40,11
DA:41,88
DA:43,11
DA:44,11
DA:46,14
DA:47,14
DA:48,0
DA:49,0
DA:51,14
DA:52,0
DA:53,0
DA:54,0
DA:55,0
DA:56,0
DA:57,0
DA:59,14
DA:60,2
DA:61,2
DA:62,2
DA:63,2
DA:64,0
DA:65,0
DA:66,2
DA:68,14
DA:69,2
DA:70,2
DA:71,2
DA:72,2
DA:73,0
DA:74,0
DA:75,2
DA:77,14
DA:78,14
DA:80,4
DA:81,4
DA:82,4
DA:83,4
DA:85,4
DA:86,4
DA:87,14
DA:88,14
DA:89,14
DA:90,0
DA:91,0
DA:92,0
DA:94,14
DA:95,0
DA:96,0
DA:97,0
DA:99,14
DA:100,14
DA:101,14
DA:102,4
DA:103,4
DA:105,1
DA:106,190
DA:107,190
DA:108,190
DA:109,190
DA:110,190
DA:111,190
DA:112,190
DA:113,190
DA:114,190
DA:116,190
DA:117,2
DA:119,190
DA:120,190
DA:122,190
DA:123,2
DA:124,2
DA:125,2
DA:126,190
DA:128,190
DA:130,190
DA:131,190
DA:132,694
DA:133,180
DA:134,180
DA:135,180
DA:136,180
DA:137,180
DA:138,180
DA:139,7
DA:140,7
DA:141,180
DA:142,190
DA:145,190
DA:146,190
DA:147,4
DA:149,4
DA:150,14
DA:151,14
DA:152,14
DA:153,14
DA:155,14
DA:156,3
DA:157,3
DA:158,3
DA:160,14
DA:161,11
DA:162,11
DA:163,11
DA:164,4
DA:165,4
DA:166,11
DA:167,0
DA:168,0
DA:169,11
DA:170,14
DA:172,4
DA:173,4
DA:174,190
DA:177,190
DA:178,190
DA:179,4
DA:180,4
DA:181,4
DA:182,2
DA:183,2
DA:184,2
DA:186,2
DA:187,2
DA:188,2
DA:189,2
DA:190,4
DA:191,0
DA:192,0
DA:193,0
DA:194,4
DA:195,190
DA:198,190
DA:199,190
DA:200,190
DA:201,190
DA:202,190
DA:203,190
DA:207,190
DA:208,190
DA:209,694
DA:210,694
DA:211,694
DA:212,694
DA:214,694
DA:215,694
DA:216,694
DA:217,694
DA:218,0
DA:219,0
DA:220,0
DA:221,0
DA:222,0
DA:224,0
DA:227,0
DA:228,0
DA:229,0
DA:234,694
DA:235,694
DA:236,694
DA:237,694
DA:238,694
DA:239,694
DA:240,694
DA:241,694
DA:245,694
DA:246,694
DA:249,694
DA:252,190
DA:253,190
DA:254,190
DA:255,190
DA:256,190
DA:257,190
DA:263,190
DA:264,190
DA:265,190
DA:266,190
DA:267,190
DA:268,190
DA:274,190
DA:276,190
DA:277,190
DA:280,190
DA:281,190
DA:286,190
DA:288,1
LF:204
LH:170
BRDA:22,0,0,11
BRDA:23,1,0,0
BRDA:31,2,0,88
BRDA:32,3,0,77
BRDA:33,4,0,11
BRDA:35,5,0,66
BRDA:38,6,0,11
BRDA:46,7,0,14
BRDA:47,8,0,0
BRDA:51,9,0,0
BRDA:51,10,0,0
BRDA:59,11,0,2
BRDA:63,12,0,0
BRDA:68,13,0,2
BRDA:70,14,0,0
BRDA:71,15,0,0
BRDA:72,16,0,0
BRDA:80,17,0,4
BRDA:86,18,0,14
BRDA:88,19,0,0
BRDA:89,20,0,0
BRDA:89,21,0,0
BRDA:94,22,0,0
BRDA:105,23,0,190
BRDA:114,24,0,0
BRDA:252,25,0,0
BRDA:263,26,0,124
BRDA:263,27,0,66
BRDA:281,28,0,0
BRDA:116,29,0,2
BRDA:122,30,0,2
BRDA:128,31,0,2
BRDA:128,32,0,0
BRDA:131,33,0,694
BRDA:132,34,0,180
BRDA:138,35,0,7
BRDA:134,36,0,180
BRDA:136,37,0,11
BRDA:136,38,0,169
BRDA:139,39,0,7
BRDA:146,40,0,4
BRDA:149,41,0,14
BRDA:151,42,0,0
BRDA:152,43,0,0
BRDA:153,44,0,0
BRDA:155,45,0,3
BRDA:158,46,0,11
BRDA:160,47,0,11
BRDA:160,48,0,11
BRDA:163,49,0,4
BRDA:164,50,0,0
BRDA:166,51,0,0
BRDA:178,52,0,4
BRDA:181,53,0,2
BRDA:190,54,0,0
BRDA:208,55,0,694
BRDA:209,56,0,0
BRDA:211,57,0,0
BRDA:217,58,0,0
BRDA:239,59,0,66
BRDA:239,60,0,628
BRDA:241,61,0,0
BRDA:241,62,0,0
BRF:63
BRH:36
end_of_record
TN:
SF:src/components/segments/SegmentAttributeRulesField.tsx
FN:38,normalizeRule
FN:44,SegmentAttributeRulesField
FN:52,updateRule
FN:57,removeRule
FN:62,addRule
FN:66,renderValueInput
FN:76,onChange
FN:119,onChange
FN:127,onValueChange
FN:149,onClick
FNF:10
FNH:7
FNDA:9,normalizeRule
FNDA:10,SegmentAttributeRulesField
FNDA:8,updateRule
FNDA:0,removeRule
FNDA:1,addRule
FNDA:9,renderValueInput
FNDA:1,onChange
FNDA:7,onChange
FNDA:0,onValueChange
FNDA:0,onClick
DA:1,1
DA:25,1
DA:26,1
DA:27,1
DA:28,1
DA:29,1
DA:31,1
DA:32,1
DA:33,1
DA:34,1
DA:35,1
DA:36,1
DA:38,1
DA:39,9
DA:40,9
DA:41,9
DA:42,9
DA:44,1
DA:45,10
DA:46,10
DA:47,10
DA:48,10
DA:49,10
DA:50,10
DA:52,10
DA:53,8
DA:54,8
DA:55,8
DA:57,10
DA:58,0
DA:59,0
DA:60,0
DA:62,10
DA:63,1
DA:64,1
DA:66,10
DA:67,9
DA:69,9
DA:70,9
DA:71,9
DA:72,9
DA:73,9
DA:74,9
DA:75,9
DA:76,9
DA:77,1
DA:78,1
DA:79,1
DA:80,1
DA:81,1
DA:82,1
DA:83,9
DA:87,9
DA:89,10
DA:90,10
DA:91,10
DA:92,10
DA:93,10
DA:94,10
DA:98,10
DA:99,10
DA:103,10
DA:104,10
DA:105,1
DA:109,10
DA:110,10
DA:111,10
DA:112,10
DA:113,10
DA:114,10
DA:115,10
DA:116,10
DA:117,10
DA:118,10
DA:119,10
DA:120,10
DA:123,10
DA:124,10
DA:125,10
DA:126,10
DA:127,10
DA:128,10
DA:130,10
DA:131,10
DA:133,10
DA:134,10
DA:135,10
DA:136,10
DA:143,10
DA:144,10
DA:145,10
DA:146,10
DA:147,10
DA:148,10
DA:149,10
DA:150,10
DA:151,10
DA:153,10
DA:157,10
DA:165,10
DA:167,1
LF:101
LH:98
BRDA:38,0,0,9
BRDA:39,1,0,0
BRDA:40,2,0,0
BRDA:41,3,0,0
BRDA:44,4,0,10
BRDA:50,5,0,0
BRDA:104,6,0,1
BRDA:52,7,0,8
BRDA:53,8,0,8
BRDA:53,9,0,0
BRDA:62,10,0,1
BRDA:66,11,0,9
BRDA:76,12,0,1
BRDA:79,13,0,2
BRDA:119,14,0,7
BRF:15
BRH:10
end_of_record
TN:
SF:src/components/segments/SegmentBehaviorField.tsx
FN:21,normalizeBehavior
FN:27,SegmentBehaviorField
FN:35,updateBehavior
FN:60,onCheckedChange
FN:77,onCheckedChange
FN:96,onChange
FNF:6
FNH:5
FNDA:4,normalizeBehavior
FNDA:4,SegmentBehaviorField
FNDA:3,updateBehavior
FNDA:0,onCheckedChange
FNDA:1,onCheckedChange
FNDA:2,onChange
DA:1,1
DA:15,1
DA:16,1
DA:17,1
DA:18,1
DA:19,1
DA:21,1
DA:22,4
DA:23,4
DA:24,4
DA:25,4
DA:27,1
DA:28,4
DA:29,4
DA:30,4
DA:31,4
DA:32,4
DA:33,4
DA:35,4
DA:36,3
DA:37,3
DA:39,4
DA:40,4
DA:41,4
DA:42,4
DA:43,4
DA:47,4
DA:48,4
DA:49,4
DA:50,4
DA:53,4
DA:57,4
DA:58,4
DA:59,4
DA:60,4
DA:61,4
DA:65,4
DA:66,4
DA:67,4
DA:70,4
DA:74,4
DA:75,4
DA:76,4
DA:77,4
DA:78,4
DA:82,4
DA:83,4
DA:86,4
DA:89,4
DA:90,4
DA:91,4
DA:92,4
DA:93,4
DA:94,4
DA:95,4
DA:96,4
DA:97,2
DA:98,2
DA:99,2
DA:100,2
DA:101,2
DA:102,4
DA:103,4
DA:109,4
DA:111,1
LF:65
LH:65
BRDA:21,0,0,4
BRDA:22,1,0,0
BRDA:23,2,0,0
BRDA:24,3,0,2
BRDA:27,4,0,4
BRDA:95,5,0,2
BRDA:35,6,0,3
BRDA:77,7,0,1
BRDA:96,8,0,2
BRDA:97,9,0,0
BRF:10
BRH:7
end_of_record
TN:
SF:src/components/segments/SegmentFormDialog.tsx
FN:1,(empty-report)
FNF:1
FNH:0
FNDA:0,(empty-report)
DA:1,0
DA:34,0
DA:35,0
DA:36,0
DA:37,0
DA:38,0
DA:40,0
DA:41,0
DA:42,0
DA:43,0
DA:44,0
DA:45,0
DA:46,0
DA:47,0
DA:48,0
DA:49,0
DA:51,0
DA:52,0
DA:53,0
DA:54,0
DA:55,0
DA:56,0
DA:57,0
DA:58,0
DA:59,0
DA:60,0
DA:61,0
DA:65,0
DA:66,0
DA:67,0
DA:68,0
DA:69,0
DA:70,0
DA:71,0
DA:72,0
DA:73,0
DA:74,0
DA:75,0
DA:77,0
DA:78,0
DA:79,0
DA:80,0
DA:81,0
DA:82,0
DA:84,0
DA:85,0
DA:86,0
DA:87,0
DA:88,0
DA:89,0
DA:90,0
DA:91,0
DA:92,0
DA:93,0
DA:103,0
DA:104,0
DA:105,0
DA:106,0
DA:107,0
DA:108,0
DA:109,0
DA:110,0
DA:111,0
DA:112,0
DA:113,0
DA:115,0
DA:116,0
DA:117,0
DA:118,0
DA:119,0
DA:121,0
DA:122,0
DA:123,0
DA:124,0
DA:125,0
DA:126,0
DA:127,0
DA:128,0
DA:129,0
DA:130,0
DA:132,0
DA:133,0
DA:134,0
DA:135,0
DA:136,0
DA:137,0
DA:142,0
DA:143,0
DA:144,0
DA:145,0
DA:146,0
DA:147,0
DA:148,0
DA:149,0
DA:150,0
DA:151,0
DA:152,0
DA:154,0
DA:158,0
DA:159,0
DA:160,0
DA:161,0
DA:162,0
DA:163,0
DA:164,0
DA:165,0
DA:167,0
DA:173,0
DA:174,0
DA:175,0
DA:176,0
DA:177,0
DA:178,0
DA:179,0
DA:180,0
DA:181,0
DA:182,0
DA:183,0
DA:184,0
DA:187,0
DA:192,0
DA:193,0
DA:194,0
DA:195,0
DA:196,0
DA:197,0
DA:198,0
DA:199,0
DA:200,0
DA:201,0
DA:204,0
DA:209,0
DA:210,0
DA:211,0
DA:212,0
DA:213,0
DA:214,0
DA:215,0
DA:216,0
DA:217,0
DA:218,0
DA:221,0
DA:226,0
DA:227,0
DA:228,0
DA:229,0
DA:230,0
DA:231,0
DA:232,0
DA:233,0
DA:234,0
DA:235,0
DA:238,0
DA:243,0
DA:244,0
DA:247,0
DA:248,0
DA:256,0
DA:258,0
LF:159
LH:0
BRDA:1,0,0,0
BRF:1
BRH:0
end_of_record
TN:
SF:src/components/segments/SegmentTagsField.tsx
FN:18,normalizeTags
FN:23,SegmentTagsField
FN:27,addTag
FN:38,handleKeyDown
FN:45,removeTag
FN:65,onChange
FN:69,onClick
FN:89,onClick
FNF:8
FNH:7
FNDA:8,normalizeTags
FNDA:8,SegmentTagsField
FNDA:1,addTag
FNDA:6,handleKeyDown
FNDA:1,removeTag
FNDA:5,onChange
FNDA:0,onClick
FNDA:1,onClick
DA:1,1
DA:18,1
DA:19,8
DA:20,8
DA:21,8
DA:23,1
DA:24,8
DA:25,8
DA:27,8
DA:28,1
DA:29,1
DA:30,1
DA:31,0
DA:32,0
DA:33,0
DA:34,1
DA:35,1
DA:36,1
DA:38,8
DA:39,6
DA:40,1
DA:41,1
DA:42,1
DA:43,6
DA:45,8
DA:46,1
DA:47,1
DA:49,8
DA:50,8
DA:51,8
DA:52,8
DA:53,8
DA:57,8
DA:58,8
DA:59,8
DA:60,8
DA:61,8
DA:62,8
DA:63,8
DA:64,8
DA:65,8
DA:66,8
DA:67,8
DA:69,8
DA:75,8
DA:77,8
DA:78,7
DA:80,8
DA:81,8
DA:82,8
DA:83,8
DA:84,8
DA:85,8
DA:86,8
DA:87,8
DA:88,8
DA:89,8
DA:90,8
DA:91,8
DA:93,8
DA:102,8
DA:104,1
LF:62
LH:59
BRDA:18,0,0,8
BRDA:20,1,0,1
BRDA:21,2,0,1
BRDA:23,3,0,8
BRDA:25,4,0,0
BRDA:77,5,0,7
BRDA:27,6,0,1
BRDA:29,7,0,0
BRDA:30,8,0,0
BRDA:38,9,0,6
BRDA:39,10,0,1
BRDA:45,11,0,1
BRDA:46,12,0,1
BRDA:65,13,0,5
BRDA:89,14,0,1
BRF:15
BRH:12
end_of_record
TN:
SF:src/components/segments/index.ts
FN:1,(empty-report)
FNF:1
FNH:0
FNDA:0,(empty-report)
DA:1,0
DA:2,0
DA:3,0
DA:4,0
LF:4
LH:0
BRDA:1,0,0,0
BRF:1
BRH:0
end_of_record
TN:
SF:src/components/ui/accordion.tsx
FN:1,(empty-report)
FNF:1
FNH:0
FNDA:0,(empty-report)
DA:1,0
DA:7,0
DA:9,0
DA:12,0
DA:13,0
DA:15,0
DA:17,0
DA:20,0
DA:21,0
DA:22,0
DA:23,0
DA:24,0
DA:25,0
DA:26,0
DA:28,0
DA:30,0
DA:31,0
DA:35,0
DA:37,0
DA:40,0
DA:41,0
DA:42,0
DA:43,0
DA:44,0
DA:46,0
DA:50,0
LF:26
LH:0
BRDA:1,0,0,0
BRF:1
BRH:0
end_of_record
TN:
SF:src/components/ui/alert-dialog.tsx
FN:1,(empty-report)
FNF:1
FNH:0
FNDA:0,(empty-report)
DA:1,0
DA:7,0
DA:9,0
DA:11,0
DA:13,0
DA:16,0
DA:17,0
DA:18,0
DA:19,0
DA:20,0
DA:22,0
DA:23,0
DA:26,0
DA:28,0
DA:31,0
DA:32,0
DA:33,0
DA:34,0
DA:35,0
DA:36,0
DA:37,0
DA:38,0
DA:40,0
DA:44,0
DA:46,0
DA:47,0
DA:49,0
DA:51,0
DA:52,0
DA:54,0
DA:56,0
DA:59,0
DA:60,0
DA:62,0
DA:64,0
DA:67,0
DA:68,0
DA:70,0
DA:72,0
DA:75,0
DA:76,0
DA:78,0
DA:80,0
DA:83,0
DA:84,0
DA:85,0
DA:86,0
DA:87,0
DA:90,0
LF:49
LH:0
BRDA:1,0,0,0
BRF:1
BRH:0
end_of_record
TN:
SF:src/components/ui/alert.tsx
FNF:0
FNH:0
DA:1,1
DA:6,1
DA:7,1
DA:8,1
DA:9,1
DA:10,1
DA:11,1
DA:12,1
DA:13,1
DA:14,1
DA:15,1
DA:16,1
DA:17,1
DA:18,1
DA:21,1
DA:24,1
DA:25,1
DA:27,1
DA:29,1
DA:30,1
DA:31,1
DA:34,1
DA:36,1
DA:37,1
DA:38,1
DA:41,1
LF:26
LH:26
BRF:0
BRH:0
end_of_record
TN:
SF:src/components/ui/aspect-ratio.tsx
FN:1,(empty-report)
FNF:1
FNH:0
FNDA:0,(empty-report)
DA:1,0
DA:3,0
LF:2
LH:0
BRDA:1,0,0,0
BRF:1
BRH:0
end_of_record
TN:
SF:src/components/ui/avatar.tsx
FN:1,(empty-report)
FNF:1
FNH:0
FNDA:0,(empty-report)
DA:1,0
DA:6,0
DA:9,0
DA:10,0
DA:11,0
DA:12,0
DA:13,0
DA:16,0
DA:18,0
DA:21,0
DA:22,0
DA:24,0
DA:26,0
DA:29,0
DA:30,0
DA:31,0
DA:32,0
DA:33,0
DA:36,0
LF:19
LH:0
BRDA:1,0,0,0
BRF:1
BRH:0
end_of_record
TN:
SF:src/components/ui/badge.tsx
FN:25,Badge
FNF:1
FNH:1
FNDA:108,Badge
DA:1,1
DA:6,1
DA:7,1
DA:8,1
DA:9,1
DA:10,1
DA:11,1
DA:12,1
DA:13,1
DA:14,1
DA:15,1
DA:16,1
DA:17,1
DA:18,1
DA:19,1
DA:20,1
DA:25,108
DA:26,108
DA:27,108
LF:19
LH:19
BRDA:25,0,0,108
BRF:1
BRH:1
end_of_record
TN:
SF:src/components/ui/breadcrumb.tsx
FN:1,(empty-report)
FNF:1
FNH:0
FNDA:0,(empty-report)
DA:1,0
DA:7,0
DA:12,0
DA:13,0
DA:15,0
DA:16,0
DA:17,0
DA:18,0
DA:19,0
DA:20,0
DA:21,0
DA:23,0
DA:27,0
DA:29,0
DA:30,0
DA:31,0
DA:34,0
DA:36,0
DA:41,0
DA:42,0
DA:44,0
DA:45,0
DA:46,0
DA:48,0
DA:49,0
DA:50,0
DA:51,0
DA:52,0
DA:53,0
DA:54,0
DA:55,0
DA:56,0
DA:60,0
DA:62,0
DA:63,0
DA:64,0
DA:67,0
DA:69,0
DA:70,0
DA:71,0
DA:72,0
DA:73,0
DA:74,0
DA:76,0
DA:77,0
DA:80,0
LF:46
LH:0
BRDA:1,0,0,0
BRF:1
BRH:0
end_of_record
TN:
SF:src/components/ui/button.tsx
FNF:0
FNH:0
DA:1,1
DA:7,1
DA:8,1
DA:9,1
DA:10,1
DA:11,1
DA:12,1
DA:13,1
DA:14,1
DA:15,1
DA:16,1
DA:17,1
DA:18,1
DA:19,1
DA:20,1
DA:21,1
DA:22,1
DA:23,1
DA:24,1
DA:25,1
DA:26,1
DA:27,1
DA:28,1
DA:29,1
DA:30,1
DA:39,1
DA:40,1
DA:41,589
DA:42,589
DA:43,589
DA:45,1
LF:31
LH:31
BRDA:40,0,0,589
BRDA:41,1,0,14
BRDA:41,2,0,575
BRF:3
BRH:3
end_of_record
TN:
SF:src/components/ui/calendar.tsx
FN:1,(empty-report)
FNF:1
FNH:0
FNDA:0,(empty-report)
DA:1,0
DA:10,0
DA:11,0
DA:12,0
DA:13,0
DA:14,0
DA:15,0
DA:16,0
DA:17,0
DA:18,0
DA:19,0
DA:20,0
DA:21,0
DA:22,0
DA:23,0
DA:25,0
DA:26,0
DA:27,0
DA:28,0
DA:29,0
DA:30,0
DA:31,0
DA:32,0
DA:33,0
DA:34,0
DA:35,0
DA:36,0
DA:37,0
DA:38,0
DA:39,0
DA:40,0
DA:41,0
DA:42,0
DA:43,0
DA:44,0
DA:45,0
DA:46,0
DA:47,0
DA:48,0
DA:51,0
DA:52,0
LF:41
LH:0
BRDA:1,0,0,0
BRF:1
BRH:0
end_of_record
TN:
SF:src/components/ui/card.tsx
FNF:0
FNH:0
DA:1,1
DA:5,1
DA:6,1
DA:8,1
DA:10,1
DA:11,1
DA:12,1
DA:15,1
DA:17,1
DA:18,1
DA:19,1
DA:22,1
DA:24,1
DA:25,1
DA:26,1
DA:29,1
DA:31,1
DA:32,1
DA:34,1
DA:36,1
DA:37,1
DA:38,1
DA:41,1
LF:23
LH:23
BRF:0
BRH:0
end_of_record
TN:
SF:src/components/ui/carousel.tsx
FN:1,(empty-report)
FNF:1
FNH:0
FNDA:0,(empty-report)
DA:1,0
DA:29,0
DA:31,0
DA:32,0
DA:34,0
DA:35,0
DA:36,0
DA:38,0
DA:39,0
DA:41,0
DA:42,0
DA:43,0
DA:44,0
DA:45,0
DA:46,0
DA:47,0
DA:48,0
DA:50,0
DA:51,0
DA:53,0
DA:54,0
DA:55,0
DA:56,0
DA:58,0
DA:59,0
DA:60,0
DA:62,0
DA:63,0
DA:64,0
DA:66,0
DA:67,0
DA:68,0
DA:70,0
DA:71,0
DA:72,0
DA:73,0
DA:74,0
DA:75,0
DA:76,0
DA:77,0
DA:78,0
DA:79,0
DA:80,0
DA:83,0
DA:84,0
DA:85,0
DA:86,0
DA:88,0
DA:89,0
DA:91,0
DA:92,0
DA:93,0
DA:94,0
DA:96,0
DA:97,0
DA:98,0
DA:100,0
DA:101,0
DA:102,0
DA:103,0
DA:105,0
DA:106,0
DA:107,0
DA:108,0
DA:109,0
DA:110,0
DA:111,0
DA:112,0
DA:113,0
DA:114,0
DA:115,0
DA:116,0
DA:118,0
DA:119,0
DA:120,0
DA:121,0
DA:122,0
DA:123,0
DA:124,0
DA:126,0
DA:130,0
DA:132,0
DA:134,0
DA:135,0
DA:136,0
DA:138,0
DA:139,0
DA:140,0
DA:141,0
DA:142,0
DA:143,0
DA:147,0
DA:149,0
DA:151,0
DA:152,0
DA:153,0
DA:155,0
DA:156,0
DA:157,0
DA:158,0
DA:159,0
DA:160,0
DA:161,0
DA:164,0
DA:166,0
DA:168,0
DA:169,0
DA:170,0
DA:172,0
DA:173,0
DA:174,0
DA:175,0
DA:176,0
DA:177,0
DA:178,0
DA:179,0
DA:180,0
DA:181,0
DA:182,0
DA:184,0
DA:185,0
DA:186,0
DA:188,0
DA:189,0
DA:192,0
DA:194,0
DA:196,0
DA:197,0
DA:198,0
DA:200,0
DA:201,0
DA:202,0
DA:203,0
DA:204,0
DA:205,0
DA:206,0
DA:207,0
DA:208,0
DA:209,0
DA:210,0
DA:212,0
DA:213,0
DA:214,0
DA:216,0
DA:217,0
DA:220,0
DA:222,0
LF:147
LH:0
BRDA:1,0,0,0
BRF:1
BRH:0
end_of_record
TN:
SF:src/components/ui/chart.tsx
FN:1,(empty-report)
FNF:1
FNH:0
FNDA:0,(empty-report)
DA:1,0
DA:6,0
DA:7,0
DA:20,0
DA:22,0
DA:23,0
DA:25,0
DA:26,0
DA:27,0
DA:29,0
DA:30,0
DA:32,0
DA:38,0
DA:39,0
DA:40,0
DA:42,0
DA:43,0
DA:44,0
DA:45,0
DA:46,0
DA:47,0
DA:48,0
DA:49,0
DA:51,0
DA:53,0
DA:54,0
DA:58,0
DA:59,0
DA:61,0
DA:62,0
DA:64,0
DA:65,0
DA:66,0
DA:68,0
DA:69,0
DA:70,0
DA:71,0
DA:72,0
DA:73,0
DA:74,0
DA:75,0
DA:76,0
DA:77,0
DA:78,0
DA:79,0
DA:80,0
DA:82,0
DA:84,0
DA:85,0
DA:88,0
DA:90,0
DA:92,0
DA:103,0
DA:104,0
DA:105,0
DA:106,0
DA:107,0
DA:108,0
DA:109,0
DA:110,0
DA:111,0
DA:112,0
DA:113,0
DA:114,0
DA:115,0
DA:116,0
DA:117,0
DA:118,0
DA:119,0
DA:121,0
DA:123,0
DA:124,0
DA:125,0
DA:126,0
DA:128,0
DA:129,0
DA:130,0
DA:131,0
DA:132,0
DA:133,0
DA:134,0
DA:136,0
DA:137,0
DA:138,0
DA:140,0
DA:141,0
DA:142,0
DA:144,0
DA:145,0
DA:147,0
DA:148,0
DA:149,0
DA:151,0
DA:153,0
DA:154,0
DA:155,0
DA:156,0
DA:157,0
DA:158,0
DA:161,0
DA:162,0
DA:163,0
DA:164,0
DA:165,0
DA:166,0
DA:168,0
DA:169,0
DA:170,0
DA:171,0
DA:172,0
DA:173,0
DA:176,0
DA:177,0
DA:179,0
DA:180,0
DA:181,0
DA:183,0
DA:184,0
DA:185,0
DA:186,0
DA:187,0
DA:188,0
DA:189,0
DA:190,0
DA:191,0
DA:192,0
DA:193,0
DA:194,0
DA:195,0
DA:200,0
DA:201,0
DA:202,0
DA:203,0
DA:206,0
DA:207,0
DA:208,0
DA:210,0
DA:211,0
DA:212,0
DA:220,0
DA:224,0
DA:226,0
DA:228,0
DA:230,0
DA:237,0
DA:238,0
DA:240,0
DA:241,0
DA:242,0
DA:244,0
DA:245,0
DA:246,0
DA:247,0
DA:249,0
DA:250,0
DA:251,0
DA:253,0
DA:254,0
DA:255,0
DA:256,0
DA:258,0
DA:259,0
DA:261,0
DA:262,0
DA:263,0
DA:264,0
DA:265,0
DA:268,0
DA:271,0
DA:274,0
DA:275,0
DA:277,0
DA:278,0
DA:279,0
DA:280,0
DA:281,0
DA:283,0
DA:284,0
DA:285,0
DA:286,0
DA:288,0
DA:290,0
DA:291,0
DA:292,0
DA:293,0
DA:294,0
DA:295,0
DA:296,0
DA:297,0
DA:298,0
DA:300,0
DA:301,0
LF:192
LH:0
BRDA:1,0,0,0
BRF:1
BRH:0
end_of_record
TN:
SF:src/components/ui/checkbox.tsx
FN:1,(empty-report)
FNF:1
FNH:0
FNDA:0,(empty-report)
DA:1,0
DA:7,0
DA:10,0
DA:11,0
DA:12,0
DA:13,0
DA:14,0
DA:15,0
DA:17,0
DA:19,0
DA:20,0
DA:24,0
LF:12
LH:0
BRDA:1,0,0,0
BRF:1
BRH:0
end_of_record
TN:
SF:src/components/ui/collapsible.tsx
FN:1,(empty-report)
FNF:1
FNH:0
FNDA:0,(empty-report)
DA:1,0
DA:3,0
DA:5,0
DA:7,0
LF:4
LH:0
BRDA:1,0,0,0
BRF:1
BRH:0
end_of_record
TN:
SF:src/components/ui/command.tsx
FN:1,(empty-report)
FNF:1
FNH:0
FNDA:0,(empty-report)
DA:1,0
DA:9,0
DA:12,0
DA:13,0
DA:14,0
DA:15,0
DA:16,0
DA:17,0
DA:19,0
DA:22,0
DA:26,0
DA:27,0
DA:28,0
DA:29,0
DA:30,0
DA:31,0
DA:36,0
DA:38,0
DA:41,0
DA:42,0
DA:43,0
DA:44,0
DA:45,0
DA:46,0
DA:47,0
DA:48,0
DA:50,0
DA:55,0
DA:57,0
DA:60,0
DA:61,0
DA:62,0
DA:63,0
DA:64,0
DA:68,0
DA:70,0
DA:73,0
DA:75,0
DA:77,0
DA:80,0
DA:81,0
DA:82,0
DA:83,0
DA:84,0
DA:85,0
DA:87,0
DA:91,0
DA:93,0
DA:96,0
DA:97,0
DA:99,0
DA:101,0
DA:104,0
DA:105,0
DA:106,0
DA:107,0
DA:108,0
DA:109,0
DA:111,0
DA:115,0
DA:117,0
DA:118,0
DA:119,0
DA:120,0
LF:64
LH:0
BRDA:1,0,0,0
BRF:1
BRH:0
end_of_record
TN:
SF:src/components/ui/context-menu.tsx
FN:1,(empty-report)
FNF:1
FNH:0
FNDA:0,(empty-report)
DA:1,0
DA:7,0
DA:9,0
DA:11,0
DA:13,0
DA:15,0
DA:17,0
DA:19,0
DA:24,0
DA:25,0
DA:26,0
DA:27,0
DA:28,0
DA:29,0
DA:30,0
DA:32,0
DA:34,0
DA:35,0
DA:38,0
DA:40,0
DA:43,0
DA:44,0
DA:45,0
DA:46,0
DA:47,0
DA:48,0
DA:50,0
DA:53,0
DA:55,0
DA:58,0
DA:59,0
DA:60,0
DA:61,0
DA:62,0
DA:63,0
DA:64,0
DA:66,0
DA:70,0
DA:72,0
DA:77,0
DA:78,0
DA:79,0
DA:80,0
DA:81,0
DA:82,0
DA:83,0
DA:85,0
DA:88,0
DA:90,0
DA:93,0
DA:94,0
DA:95,0
DA:96,0
DA:97,0
DA:98,0
DA:100,0
DA:101,0
DA:103,0
DA:104,0
DA:105,0
DA:108,0
DA:111,0
DA:113,0
DA:116,0
DA:117,0
DA:118,0
DA:119,0
DA:120,0
DA:121,0
DA:123,0
DA:125,0
DA:126,0
DA:127,0
DA:130,0
DA:133,0
DA:135,0
DA:140,0
DA:141,0
DA:142,0
DA:143,0
DA:144,0
DA:147,0
DA:149,0
DA:152,0
DA:153,0
DA:155,0
DA:157,0
DA:158,0
DA:159,0
DA:160,0
LF:90
LH:0
BRDA:1,0,0,0
BRF:1
BRH:0
end_of_record
TN:
SF:src/components/ui/dialog.tsx
FNF:0
FNH:0
DA:1,1
DA:7,1
DA:9,1
DA:11,1
DA:13,1
DA:15,1
DA:18,1
DA:19,1
DA:20,1
DA:21,1
DA:22,1
DA:23,1
DA:25,1
DA:28,1
DA:30,1
DA:33,1
DA:34,1
DA:35,1
DA:36,1
DA:37,1
DA:38,1
DA:39,1
DA:40,1
DA:42,1
DA:44,1
DA:45,1
DA:46,1
DA:47,1
DA:52,1
DA:54,1
DA:55,1
DA:57,1
DA:59,1
DA:60,1
DA:62,1
DA:64,1
DA:67,1
DA:68,1
DA:69,1
DA:70,1
DA:71,1
DA:74,1
DA:76,1
DA:79,1
DA:80,1
DA:82,1
LF:46
LH:46
BRF:0
BRH:0
end_of_record
TN:
SF:src/components/ui/drawer.tsx
FN:1,(empty-report)
FNF:1
FNH:0
FNDA:0,(empty-report)
DA:1,0
DA:6,0
DA:7,0
DA:9,0
DA:11,0
DA:13,0
DA:15,0
DA:17,0
DA:20,0
DA:21,0
DA:23,0
DA:25,0
DA:28,0
DA:29,0
DA:30,0
DA:31,0
DA:32,0
DA:33,0
DA:34,0
DA:35,0
DA:37,0
DA:39,0
DA:40,0
DA:44,0
DA:46,0
DA:47,0
DA:49,0
DA:51,0
DA:52,0
DA:54,0
DA:56,0
DA:59,0
DA:60,0
DA:61,0
DA:62,0
DA:63,0
DA:66,0
DA:68,0
DA:71,0
DA:72,0
DA:74,0
LF:41
LH:0
BRDA:1,0,0,0
BRF:1
BRH:0
end_of_record
TN:
SF:src/components/ui/dropdown-menu.tsx
FN:158,DropdownMenuShortcut
FNF:1
FNH:0
FNDA:0,DropdownMenuShortcut
DA:1,1
DA:7,1
DA:9,1
DA:11,1
DA:13,1
DA:15,1
DA:17,1
DA:19,1
DA:24,1
DA:25,1
DA:26,1
DA:27,1
DA:28,1
DA:29,1
DA:30,1
DA:32,1
DA:34,1
DA:35,1
DA:38,1
DA:40,1
DA:43,1
DA:44,1
DA:45,1
DA:46,1
DA:47,1
DA:48,1
DA:50,1
DA:53,1
DA:55,1
DA:58,1
DA:59,1
DA:60,1
DA:61,1
DA:62,1
DA:63,1
DA:64,1
DA:65,1
DA:67,1
DA:71,1
DA:73,1
DA:78,1
DA:79,1
DA:80,1
DA:81,1
DA:82,1
DA:83,1
DA:84,1
DA:86,1
DA:89,1
DA:91,1
DA:94,1
DA:95,1
DA:96,1
DA:97,1
DA:98,1
DA:99,1
DA:101,1
DA:102,1
DA:104,1
DA:105,1
DA:106,1
DA:109,1
DA:112,1
DA:114,1
DA:117,1
DA:118,1
DA:119,1
DA:120,1
DA:121,1
DA:122,1
DA:124,1
DA:126,1
DA:127,1
DA:128,1
DA:131,1
DA:134,1
DA:136,1
DA:141,1
DA:142,1
DA:143,1
DA:144,1
DA:145,1
DA:148,1
DA:150,1
DA:153,1
DA:154,1
DA:156,1
DA:158,1
DA:159,0
DA:160,0
DA:161,1
LF:91
LH:89
BRF:0
BRH:0
end_of_record
TN:
SF:src/components/ui/form.tsx
FN:1,(empty-report)
FNF:1
FNH:0
FNDA:0,(empty-report)
DA:1,0
DA:9,0
DA:18,0
DA:20,0
DA:23,0
DA:24,0
DA:25,0
DA:26,0
DA:27,0
DA:28,0
DA:31,0
DA:33,0
DA:34,0
DA:35,0
DA:36,0
DA:38,0
DA:40,0
DA:41,0
DA:42,0
DA:44,0
DA:46,0
DA:47,0
DA:48,0
DA:49,0
DA:50,0
DA:51,0
DA:52,0
DA:53,0
DA:54,0
DA:60,0
DA:62,0
DA:63,0
DA:64,0
DA:66,0
DA:67,0
DA:68,0
DA:71,0
DA:73,0
DA:75,0
DA:78,0
DA:79,0
DA:81,0
DA:82,0
DA:83,0
DA:85,0
DA:86,0
DA:87,0
DA:89,0
DA:90,0
DA:91,0
DA:92,0
DA:93,0
DA:94,0
DA:95,0
DA:98,0
DA:100,0
DA:102,0
DA:103,0
DA:104,0
DA:106,0
DA:107,0
DA:109,0
DA:111,0
DA:112,0
DA:113,0
DA:114,0
DA:116,0
DA:117,0
DA:118,0
DA:120,0
DA:121,0
DA:122,0
DA:125,0
DA:127,0
LF:74
LH:0
BRDA:1,0,0,0
BRF:1
BRH:0
end_of_record
TN:
SF:src/components/ui/hover-card.tsx
FN:1,(empty-report)
FNF:1
FNH:0
FNDA:0,(empty-report)
DA:1,0
DA:6,0
DA:8,0
DA:10,0
DA:13,0
DA:14,0
DA:15,0
DA:16,0
DA:17,0
DA:18,0
DA:19,0
DA:20,0
DA:22,0
DA:25,0
LF:14
LH:0
BRDA:1,0,0,0
BRF:1
BRH:0
end_of_record
TN:
SF:src/components/ui/input-otp.tsx
FN:1,(empty-report)
FNF:1
FNH:0
FNDA:0,(empty-report)
DA:1,0
DA:7,0
DA:8,0
DA:9,0
DA:10,0
DA:11,0
DA:12,0
DA:13,0
DA:17,0
DA:19,0
DA:20,0
DA:22,0
DA:24,0
DA:27,0
DA:28,0
DA:29,0
DA:31,0
DA:32,0
DA:33,0
DA:34,0
DA:35,0
DA:36,0
DA:37,0
DA:39,0
DA:41,0
DA:42,0
DA:43,0
DA:44,0
DA:49,0
DA:50,0
DA:52,0
DA:53,0
DA:54,0
DA:55,0
DA:59,0
LF:35
LH:0
BRDA:1,0,0,0
BRF:1
BRH:0
end_of_record
TN:
SF:src/components/ui/input.tsx
FNF:0
FNH:0
DA:1,1
DA:5,1
DA:6,1
DA:7,754
DA:8,754
DA:9,754
DA:10,754
DA:11,754
DA:12,754
DA:14,754
DA:15,754
DA:18,754
DA:20,1
LF:13
LH:13
BRDA:6,0,0,754
BRF:1
BRH:1
end_of_record
TN:
SF:src/components/ui/label.tsx
FNF:0
FNH:0
DA:1,1
DA:7,1
DA:9,1
DA:12,1
DA:13,1
DA:15,1
LF:6
LH:6
BRF:0
BRH:0
end_of_record
TN:
SF:src/components/ui/menubar.tsx
FN:1,(empty-report)
FNF:1
FNH:0
FNDA:0,(empty-report)
DA:1,0
DA:7,0
DA:9,0
DA:11,0
DA:13,0
DA:15,0
DA:17,0
DA:20,0
DA:21,0
DA:22,0
DA:23,0
DA:24,0
DA:27,0
DA:29,0
DA:32,0
DA:33,0
DA:34,0
DA:35,0
DA:36,0
DA:37,0
DA:39,0
DA:42,0
DA:44,0
DA:49,0
DA:50,0
DA:51,0
DA:52,0
DA:53,0
DA:54,0
DA:55,0
DA:57,0
DA:59,0
DA:60,0
DA:63,0
DA:65,0
DA:68,0
DA:69,0
DA:70,0
DA:71,0
DA:72,0
DA:73,0
DA:75,0
DA:78,0
DA:80,0
DA:83,0
DA:84,0
DA:85,0
DA:86,0
DA:87,0
DA:88,0
DA:89,0
DA:90,0
DA:91,0
DA:92,0
DA:94,0
DA:98,0
DA:100,0
DA:105,0
DA:106,0
DA:107,0
DA:108,0
DA:109,0
DA:110,0
DA:111,0
DA:113,0
DA:116,0
DA:118,0
DA:121,0
DA:122,0
DA:123,0
DA:124,0
DA:125,0
DA:126,0
DA:128,0
DA:129,0
DA:131,0
DA:132,0
DA:133,0
DA:136,0
DA:139,0
DA:141,0
DA:144,0
DA:145,0
DA:146,0
DA:147,0
DA:148,0
DA:149,0
DA:151,0
DA:153,0
DA:154,0
DA:155,0
DA:158,0
DA:161,0
DA:163,0
DA:168,0
DA:169,0
DA:170,0
DA:171,0
DA:172,0
DA:175,0
DA:177,0
DA:180,0
DA:181,0
DA:183,0
DA:185,0
DA:186,0
DA:187,0
DA:188,0
LF:108
LH:0
BRDA:1,0,0,0
BRF:1
BRH:0
end_of_record
TN:
SF:src/components/ui/navigation-menu.tsx
FNF:0
FNH:0
DA:1,1
DA:8,1
DA:11,1
DA:12,1
DA:13,1
DA:14,1
DA:15,1
DA:17,1
DA:18,1
DA:21,1
DA:23,1
DA:26,1
DA:27,1
DA:28,1
DA:29,1
DA:30,1
DA:33,1
DA:35,1
DA:37,1
DA:38,1
DA:41,1
DA:44,1
DA:45,1
DA:46,1
DA:47,1
DA:48,1
DA:50,1
DA:51,1
DA:52,1
DA:53,1
DA:57,1
DA:59,1
DA:62,1
DA:63,1
DA:64,1
DA:65,1
DA:66,1
DA:67,1
DA:69,1
DA:72,1
DA:74,1
DA:76,1
DA:79,1
DA:80,1
DA:81,1
DA:82,1
DA:83,1
DA:84,1
DA:86,1
DA:87,1
DA:91,1
DA:93,1
DA:96,1
DA:97,1
DA:98,1
DA:99,1
DA:100,1
DA:101,1
DA:103,1
DA:105,1
DA:108,1
LF:61
LH:61
BRF:0
BRH:0
end_of_record
TN:
SF:src/components/ui/pagination.tsx
FNF:0
FNH:0
DA:1,1
DA:7,1
DA:8,1
DA:9,1
DA:10,1
DA:11,1
DA:12,1
DA:15,1
DA:17,1
DA:18,1
DA:19,1
DA:22,1
DA:24,1
DA:25,1
DA:27,1
DA:34,1
DA:35,1
DA:36,1
DA:37,1
DA:38,1
DA:39,1
DA:40,1
DA:41,1
DA:42,1
DA:44,1
DA:47,1
DA:49,1
DA:50,1
DA:51,1
DA:52,1
DA:55,1
DA:57,1
DA:58,1
DA:59,1
DA:60,1
DA:63,1
DA:65,1
DA:66,1
DA:67,1
DA:68,1
DA:71,1
LF:41
LH:41
BRDA:36,0,0,1
BRDA:36,1,0,2
BRDA:39,2,0,1
BRDA:39,3,0,2
BRF:4
BRH:4
end_of_record
TN:
SF:src/components/ui/popover.tsx
FN:1,(empty-report)
FNF:1
FNH:0
FNDA:0,(empty-report)
DA:1,0
DA:6,0
DA:8,0
DA:10,0
DA:13,0
DA:14,0
DA:15,0
DA:16,0
DA:17,0
DA:18,0
DA:19,0
DA:20,0
DA:21,0
DA:23,0
DA:27,0
LF:15
LH:0
BRDA:1,0,0,0
BRF:1
BRH:0
end_of_record
TN:
SF:src/components/ui/progress.tsx
FNF:0
FNH:0
DA:1,1
DA:10,1
DA:13,1
DA:14,1
DA:15,1
DA:16,1
DA:17,1
DA:19,1
DA:20,1
DA:21,1
DA:25,1
LF:11
LH:11
BRDA:21,0,0,0
BRF:1
BRH:0
end_of_record
TN:
SF:src/components/ui/radio-group.tsx
FN:1,(empty-report)
FNF:1
FNH:0
FNDA:0,(empty-report)
DA:1,0
DA:7,0
DA:10,0
DA:11,0
DA:12,0
DA:13,0
DA:15,0
DA:18,0
DA:19,0
DA:20,0
DA:21,0
DA:22,0
DA:23,0
DA:24,0
DA:26,0
DA:28,0
DA:29,0
DA:33,0
DA:34,0
LF:19
LH:0
BRDA:1,0,0,0
BRF:1
BRH:0
end_of_record
TN:
SF:src/components/ui/resizable.tsx
FN:1,(empty-report)
FNF:1
FNH:0
FNDA:0,(empty-report)
DA:1,0
DA:6,0
DA:7,0
DA:8,0
DA:9,0
DA:13,0
DA:15,0
DA:16,0
DA:17,0
DA:18,0
DA:21,0
DA:22,0
DA:23,0
DA:24,0
DA:25,0
DA:27,0
DA:29,0
DA:30,0
DA:31,0
LF:19
LH:0
BRDA:1,0,0,0
BRF:1
BRH:0
end_of_record
TN:
SF:src/components/ui/scroll-area.tsx
FNF:0
FNH:0
DA:1,1
DA:6,1
DA:9,1
DA:10,1
DA:11,1
DA:12,1
DA:13,1
DA:16,1
DA:18,1
DA:21,1
DA:22,1
DA:23,1
DA:24,1
DA:25,1
DA:26,1
DA:27,1
DA:28,1
DA:29,1
DA:31,1
DA:33,1
DA:36,1
LF:21
LH:21
BRDA:28,0,0,0
BRF:1
BRH:0
end_of_record
TN:
SF:src/components/ui/select.tsx
FNF:0
FNH:0
DA:1,1
DA:7,1
DA:9,1
DA:11,1
DA:13,1
DA:16,1
DA:17,1
DA:18,1
DA:19,1
DA:20,1
DA:21,1
DA:23,1
DA:25,1
DA:26,1
DA:27,1
DA:31,1
DA:33,1
DA:36,1
DA:37,1
DA:38,1
DA:39,1
DA:40,1
DA:42,1
DA:45,1
DA:47,1
DA:50,1
DA:51,1
DA:52,1
DA:53,1
DA:54,1
DA:56,1
DA:59,1
DA:61,1
DA:64,1
DA:65,1
DA:66,1
DA:67,1
DA:68,1
DA:69,1
DA:70,1
DA:71,1
DA:72,1
DA:74,1
DA:75,1
DA:77,1
DA:78,1
DA:79,1
DA:80,1
DA:81,1
DA:82,1
DA:85,1
DA:87,1
DA:91,1
DA:93,1
DA:96,1
DA:97,1
DA:99,1
DA:101,1
DA:104,1
DA:105,1
DA:106,1
DA:107,1
DA:108,1
DA:109,1
DA:111,1
DA:113,1
DA:114,1
DA:115,1
DA:119,1
DA:122,1
DA:124,1
DA:127,1
DA:128,1
DA:130,1
LF:74
LH:74
BRF:0
BRH:0
end_of_record
TN:
SF:src/components/ui/separator.tsx
FNF:0
FNH:0
DA:1,1
DA:6,1
DA:9,1
DA:10,1
DA:11,1
DA:12,1
DA:13,1
DA:14,1
DA:15,1
DA:18,1
LF:10
LH:10
BRDA:14,0,0,0
BRF:1
BRH:0
end_of_record
TN:
SF:src/components/ui/sheet.tsx
FNF:0
FNH:0
DA:1,1
DA:8,1
DA:10,1
DA:12,1
DA:14,1
DA:16,1
DA:19,1
DA:20,1
DA:21,1
DA:22,1
DA:23,1
DA:25,1
DA:26,1
DA:29,1
DA:31,1
DA:32,1
DA:33,1
DA:34,1
DA:35,1
DA:36,1
DA:37,1
DA:38,1
DA:39,1
DA:40,1
DA:41,1
DA:42,1
DA:43,1
DA:44,1
DA:45,1
DA:46,1
DA:47,1
DA:54,1
DA:55,1
DA:56,1
DA:57,1
DA:58,1
DA:59,1
DA:60,1
DA:61,1
DA:62,1
DA:68,1
DA:70,1
DA:71,1
DA:73,1
DA:75,1
DA:76,1
DA:78,1
DA:80,1
DA:83,1
DA:84,1
DA:86,1
DA:88,1
DA:91,1
DA:92,1
DA:94,1
LF:55
LH:55
BRF:0
BRH:0
end_of_record
TN:
SF:src/components/ui/sidebar.tsx
FN:1,(empty-report)
FNF:1
FNH:0
FNDA:0,(empty-report)
DA:1,0
DA:15,0
DA:16,0
DA:17,0
DA:18,0
DA:19,0
DA:20,0
DA:32,0
DA:34,0
DA:35,0
DA:36,0
DA:37,0
DA:38,0
DA:40,0
DA:41,0
DA:43,0
DA:50,0
DA:51,0
DA:52,0
DA:54,0
DA:55,0
DA:56,0
DA:57,0
DA:58,0
DA:59,0
DA:60,0
DA:61,0
DA:62,0
DA:63,0
DA:64,0
DA:65,0
DA:67,0
DA:68,0
DA:69,0
DA:70,0
DA:73,0
DA:74,0
DA:75,0
DA:76,0
DA:78,0
DA:79,0
DA:80,0
DA:81,0
DA:82,0
DA:83,0
DA:84,0
DA:85,0
DA:87,0
DA:88,0
DA:89,0
DA:91,0
DA:92,0
DA:93,0
DA:95,0
DA:96,0
DA:97,0
DA:98,0
DA:99,0
DA:100,0
DA:101,0
DA:102,0
DA:103,0
DA:104,0
DA:105,0
DA:108,0
DA:109,0
DA:110,0
DA:111,0
DA:112,0
DA:113,0
DA:114,0
DA:115,0
DA:116,0
DA:117,0
DA:119,0
DA:120,0
DA:121,0
DA:123,0
DA:128,0
DA:129,0
DA:131,0
DA:138,0
DA:139,0
DA:141,0
DA:142,0
DA:143,0
DA:144,0
DA:145,0
DA:146,0
DA:148,0
DA:151,0
DA:153,0
DA:154,0
DA:155,0
DA:156,0
DA:157,0
DA:158,0
DA:159,0
DA:160,0
DA:161,0
DA:162,0
DA:163,0
DA:165,0
DA:167,0
DA:171,0
DA:173,0
DA:174,0
DA:175,0
DA:176,0
DA:177,0
DA:178,0
DA:179,0
DA:180,0
DA:183,0
DA:184,0
DA:185,0
DA:186,0
DA:187,0
DA:188,0
DA:189,0
DA:190,0
DA:193,0
DA:194,0
DA:195,0
DA:196,0
DA:197,0
DA:198,0
DA:199,0
DA:200,0
DA:201,0
DA:202,0
DA:203,0
DA:205,0
DA:207,0
DA:208,0
DA:209,0
DA:211,0
DA:216,0
DA:217,0
DA:219,0
DA:220,0
DA:221,0
DA:223,0
DA:224,0
DA:225,0
DA:226,0
DA:227,0
DA:228,0
DA:229,0
DA:230,0
DA:231,0
DA:232,0
DA:233,0
DA:234,0
DA:236,0
DA:237,0
DA:240,0
DA:242,0
DA:244,0
DA:245,0
DA:246,0
DA:248,0
DA:249,0
DA:250,0
DA:251,0
DA:252,0
DA:253,0
DA:254,0
DA:255,0
DA:256,0
DA:257,0
DA:258,0
DA:259,0
DA:260,0
DA:261,0
DA:262,0
DA:263,0
DA:265,0
DA:268,0
DA:270,0
DA:272,0
DA:273,0
DA:274,0
DA:275,0
DA:276,0
DA:277,0
DA:278,0
DA:279,0
DA:281,0
DA:284,0
DA:285,0
DA:287,0
DA:288,0
DA:289,0
DA:290,0
DA:291,0
DA:292,0
DA:293,0
DA:294,0
DA:295,0
DA:297,0
DA:300,0
DA:302,0
DA:304,0
DA:305,0
DA:306,0
DA:307,0
DA:309,0
DA:310,0
DA:311,0
DA:312,0
DA:314,0
DA:315,0
DA:316,0
DA:317,0
DA:318,0
DA:319,0
DA:320,0
DA:321,0
DA:324,0
DA:326,0
DA:328,0
DA:329,0
DA:330,0
DA:331,0
DA:332,0
DA:333,0
DA:334,0
DA:335,0
DA:337,0
DA:340,0
DA:341,0
DA:343,0
DA:344,0
DA:345,0
DA:346,0
DA:347,0
DA:348,0
DA:349,0
DA:352,0
DA:353,0
DA:355,0
DA:356,0
DA:357,0
DA:359,0
DA:360,0
DA:361,0
DA:362,0
DA:363,0
DA:364,0
DA:365,0
DA:366,0
DA:368,0
DA:371,0
DA:373,0
DA:375,0
DA:376,0
DA:377,0
DA:379,0
DA:380,0
DA:381,0
DA:382,0
DA:383,0
DA:384,0
DA:385,0
DA:386,0
DA:387,0
DA:388,0
DA:390,0
DA:393,0
DA:395,0
DA:397,0
DA:398,0
DA:399,0
DA:402,0
DA:404,0
DA:405,0
DA:407,0
DA:409,0
DA:410,0
DA:412,0
DA:414,0
DA:415,0
DA:416,0
DA:417,0
DA:418,0
DA:419,0
DA:420,0
DA:421,0
DA:422,0
DA:423,0
DA:424,0
DA:425,0
DA:426,0
DA:427,0
DA:428,0
DA:429,0
DA:430,0
DA:431,0
DA:432,0
DA:433,0
DA:436,0
DA:443,0
DA:444,0
DA:445,0
DA:447,0
DA:448,0
DA:449,0
DA:450,0
DA:451,0
DA:452,0
DA:453,0
DA:454,0
DA:458,0
DA:459,0
DA:460,0
DA:462,0
DA:463,0
DA:464,0
DA:465,0
DA:466,0
DA:468,0
DA:469,0
DA:470,0
DA:471,0
DA:474,0
DA:475,0
DA:477,0
DA:483,0
DA:484,0
DA:486,0
DA:487,0
DA:488,0
DA:489,0
DA:490,0
DA:491,0
DA:492,0
DA:493,0
DA:494,0
DA:495,0
DA:496,0
DA:497,0
DA:498,0
DA:499,0
DA:500,0
DA:502,0
DA:505,0
DA:506,0
DA:508,0
DA:509,0
DA:510,0
DA:511,0
DA:512,0
DA:513,0
DA:514,0
DA:515,0
DA:516,0
DA:517,0
DA:518,0
DA:519,0
DA:520,0
DA:522,0
DA:526,0
DA:528,0
DA:533,0
DA:534,0
DA:535,0
DA:536,0
DA:537,0
DA:539,0
DA:540,0
DA:541,0
DA:542,0
DA:543,0
DA:544,0
DA:546,0
DA:547,0
DA:548,0
DA:549,0
DA:550,0
DA:551,0
DA:552,0
DA:553,0
DA:558,0
DA:559,0
DA:561,0
DA:562,0
DA:563,0
DA:564,0
DA:565,0
DA:566,0
DA:567,0
DA:568,0
DA:569,0
DA:571,0
DA:575,0
DA:577,0
DA:578,0
DA:580,0
DA:582,0
DA:589,0
DA:590,0
DA:592,0
DA:593,0
DA:594,0
DA:595,0
DA:596,0
DA:597,0
DA:598,0
DA:599,0
DA:600,0
DA:601,0
DA:602,0
DA:603,0
DA:604,0
DA:606,0
DA:609,0
DA:610,0
LF:418
LH:0
BRDA:1,0,0,0
BRF:1
BRH:0
end_of_record
TN:
SF:src/components/ui/skeleton.tsx
FN:3,Skeleton
FNF:1
FNH:1
FNDA:17,Skeleton
DA:1,1
DA:3,17
DA:4,17
DA:5,17
LF:4
LH:4
BRDA:3,0,0,17
BRF:1
BRH:1
end_of_record
TN:
SF:src/components/ui/slider.tsx
FN:1,(empty-report)
FNF:1
FNH:0
FNDA:0,(empty-report)
DA:1,0
DA:6,0
DA:9,0
DA:10,0
DA:11,0
DA:12,0
DA:13,0
DA:15,0
DA:16,0
DA:18,0
DA:21,0
LF:11
LH:0
BRDA:1,0,0,0
BRF:1
BRH:0
end_of_record
TN:
SF:src/components/ui/sonner.tsx
FN:1,(empty-report)
FNF:1
FNH:0
FNDA:0,(empty-report)
DA:1,0
DA:6,0
DA:7,0
DA:9,0
DA:10,0
DA:11,0
DA:12,0
DA:13,0
DA:14,0
DA:15,0
DA:16,0
DA:17,0
DA:18,0
DA:19,0
DA:20,0
DA:21,0
DA:22,0
DA:25,0
LF:18
LH:0
BRDA:1,0,0,0
BRF:1
BRH:0
end_of_record
TN:
SF:src/components/ui/switch.tsx
FNF:0
FNH:0
DA:1,1
DA:6,1
DA:9,1
DA:10,1
DA:11,1
DA:12,1
DA:13,1
DA:15,1
DA:16,1
DA:18,1
DA:19,1
DA:20,1
DA:25,1
LF:13
LH:13
BRF:0
BRH:0
end_of_record
TN:
SF:src/components/ui/table.tsx
FNF:0
FNH:0
DA:1,1
DA:5,1
DA:6,1
DA:7,1
DA:8,1
DA:12,1
DA:14,1
DA:15,1
DA:17,1
DA:19,1
DA:20,1
DA:21,1
DA:24,1
DA:26,1
DA:27,1
DA:28,1
DA:31,1
DA:33,1
DA:34,1
DA:35,1
DA:36,1
DA:37,1
DA:38,1
DA:42,1
DA:44,1
DA:45,1
DA:46,1
DA:47,1
DA:48,1
DA:49,1
DA:50,1
DA:52,1
DA:56,1
DA:58,1
DA:59,1
DA:60,1
DA:63,1
DA:65,1
DA:66,1
DA:67,1
DA:70,1
LF:41
LH:41
BRF:0
BRH:0
end_of_record
TN:
SF:src/components/ui/tabs.tsx
FNF:0
FNH:0
DA:1,1
DA:6,1
DA:8,1
DA:11,1
DA:12,1
DA:13,1
DA:14,1
DA:15,1
DA:16,1
DA:18,1
DA:21,1
DA:23,1
DA:26,1
DA:27,1
DA:28,1
DA:29,1
DA:30,1
DA:31,1
DA:33,1
DA:36,1
DA:38,1
DA:41,1
DA:42,1
DA:43,1
DA:44,1
DA:45,1
DA:46,1
DA:48,1
DA:51,1
LF:29
LH:29
BRF:0
BRH:0
end_of_record
TN:
SF:src/components/ui/textarea.tsx
FN:1,(empty-report)
FNF:1
FNH:0
FNDA:0,(empty-report)
DA:1,0
DA:7,0
DA:8,0
DA:9,0
DA:10,0
DA:11,0
DA:12,0
DA:14,0
DA:15,0
DA:18,0
DA:19,0
LF:11
LH:0
BRDA:1,0,0,0
BRF:1
BRH:0
end_of_record
TN:
SF:src/components/ui/toast.tsx
FN:1,(empty-report)
FNF:1
FNH:0
FNDA:0,(empty-report)
DA:1,0
DA:8,0
DA:10,0
DA:13,0
DA:14,0
DA:15,0
DA:16,0
DA:17,0
DA:18,0
DA:20,0
DA:23,0
DA:25,0
DA:26,0
DA:27,0
DA:28,0
DA:29,0
DA:30,0
DA:31,0
DA:32,0
DA:33,0
DA:34,0
DA:35,0
DA:36,0
DA:37,0
DA:40,0
DA:43,0
DA:44,0
DA:45,0
DA:46,0
DA:48,0
DA:51,0
DA:52,0
DA:53,0
DA:54,0
DA:55,0
DA:56,0
DA:58,0
DA:61,0
DA:63,0
DA:66,0
DA:67,0
DA:68,0
DA:69,0
DA:70,0
DA:71,0
DA:73,0
DA:74,0
DA:76,0
DA:79,0
DA:81,0
DA:84,0
DA:85,0
DA:87,0
DA:89,0
DA:92,0
DA:93,0
DA:95,0
LF:57
LH:0
BRDA:1,0,0,0
BRF:1
BRH:0
end_of_record
TN:
SF:src/components/ui/toaster.tsx
FN:1,(empty-report)
FNF:1
FNH:0
FNDA:0,(empty-report)
DA:1,0
DA:4,0
DA:5,0
DA:7,0
DA:8,0
DA:9,0
DA:10,0
DA:11,0
DA:12,0
DA:13,0
DA:14,0
DA:16,0
DA:17,0
DA:20,0
DA:21,0
DA:24,0
LF:16
LH:0
BRDA:1,0,0,0
BRF:1
BRH:0
end_of_record
TN:
SF:src/components/ui/toggle-group.tsx
FN:1,(empty-report)
FNF:1
FNH:0
FNDA:0,(empty-report)
DA:1,0
DA:8,0
DA:9,0
DA:10,0
DA:11,0
DA:13,0
DA:16,0
DA:17,0
DA:18,0
DA:22,0
DA:24,0
DA:27,0
DA:28,0
DA:30,0
DA:31,0
DA:32,0
DA:33,0
DA:34,0
DA:35,0
DA:36,0
DA:37,0
DA:38,0
DA:40,0
DA:42,0
DA:45,0
DA:47,0
LF:26
LH:0
BRDA:1,0,0,0
BRF:1
BRH:0
end_of_record
TN:
SF:src/components/ui/toggle.tsx
FN:1,(empty-report)
FNF:1
FNH:0
FNDA:0,(empty-report)
DA:1,0
DA:7,0
DA:8,0
DA:9,0
DA:10,0
DA:11,0
DA:12,0
DA:13,0
DA:14,0
DA:15,0
DA:16,0
DA:17,0
DA:18,0
DA:19,0
DA:20,0
DA:21,0
DA:22,0
DA:23,0
DA:24,0
DA:25,0
DA:28,0
DA:31,0
DA:32,0
DA:35,0
LF:24
LH:0
BRDA:1,0,0,0
BRF:1
BRH:0
end_of_record
TN:
SF:src/components/ui/tooltip.tsx
FN:1,(empty-report)
FNF:1
FNH:0
FNDA:0,(empty-report)
DA:1,0
DA:6,0
DA:8,0
DA:10,0
DA:12,0
DA:15,0
DA:16,0
DA:17,0
DA:18,0
DA:19,0
DA:20,0
DA:21,0
DA:23,0
DA:26,0
LF:14
LH:0
BRDA:1,0,0,0
BRF:1
BRH:0
end_of_record
TN:
SF:src/components/ui/use-toast.ts
FN:1,(empty-report)
FNF:1
FNH:0
FNDA:0,(empty-report)
DA:1,0
LF:1
LH:0
BRDA:1,0,0,0
BRF:1
BRH:0
end_of_record
TN:
SF:src/config/features.ts
FN:1,(empty-report)
FNF:1
FNH:0
FNDA:0,(empty-report)
DA:1,0
DA:2,0
DA:3,0
DA:4,0
DA:5,0
DA:7,0
DA:9,0
DA:10,0
DA:11,0
DA:12,0
DA:13,0
DA:14,0
DA:15,0
DA:17,0
DA:18,0
DA:20,0
DA:21,0
DA:22,0
DA:24,0
DA:25,0
DA:26,0
DA:28,0
DA:29,0
LF:23
LH:0
BRDA:1,0,0,0
BRF:1
BRH:0
end_of_record
TN:
SF:src/config/navigation.ts
FNF:0
FNH:0
DA:1,1
DA:24,1
DA:25,1
DA:26,1
DA:27,1
DA:28,1
DA:29,1
DA:30,1
DA:31,1
DA:32,1
DA:33,1
DA:34,1
DA:35,1
DA:36,1
DA:37,1
DA:38,1
DA:39,1
DA:40,1
DA:41,1
DA:42,1
DA:43,1
DA:44,1
DA:45,1
DA:47,1
DA:48,1
DA:49,1
DA:50,1
DA:51,1
DA:52,1
DA:53,1
DA:54,1
DA:55,1
DA:56,1
DA:57,1
DA:58,1
DA:59,1
DA:60,1
DA:61,1
DA:62,1
DA:63,1
DA:64,1
DA:65,1
DA:66,1
DA:67,1
DA:68,1
DA:70,1
DA:71,1
DA:72,1
DA:73,1
DA:74,1
DA:75,1
DA:76,1
DA:77,1
DA:78,1
DA:79,1
DA:80,1
DA:81,1
DA:82,1
DA:83,1
DA:84,1
DA:85,1
DA:86,1
DA:87,1
DA:88,1
DA:89,1
DA:90,1
DA:91,1
LF:67
LH:67
BRF:0
BRH:0
end_of_record
TN:
SF:src/contexts/AuthContext.tsx
FN:1,(empty-report)
FNF:1
FNH:0
FNDA:0,(empty-report)
DA:1,0
DA:20,0
DA:22,0
DA:23,0
DA:24,0
DA:25,0
DA:26,0
DA:28,0
DA:30,0
DA:31,0
DA:32,0
DA:33,0
DA:34,0
DA:35,0
DA:36,0
DA:37,0
DA:38,0
DA:39,0
DA:40,0
DA:41,0
DA:42,0
DA:43,0
DA:44,0
DA:45,0
DA:46,0
DA:47,0
DA:48,0
DA:50,0
DA:51,0
DA:52,0
DA:53,0
DA:54,0
DA:55,0
DA:56,0
DA:58,0
DA:59,0
DA:60,0
DA:61,0
DA:63,0
DA:65,0
DA:66,0
DA:68,0
DA:69,0
DA:70,0
DA:71,0
DA:72,0
DA:73,0
DA:75,0
DA:76,0
DA:77,0
DA:78,0
DA:80,0
DA:81,0
DA:82,0
DA:83,0
DA:84,0
DA:85,0
DA:86,0
DA:87,0
DA:88,0
DA:89,0
DA:90,0
DA:92,0
DA:93,0
DA:94,0
DA:95,0
DA:96,0
DA:97,0
DA:98,0
DA:100,0
DA:101,0
DA:102,0
DA:103,0
DA:105,0
DA:107,0
DA:108,0
DA:110,0
DA:111,0
DA:112,0
DA:113,0
DA:114,0
DA:116,0
DA:117,0
DA:118,0
DA:119,0
DA:121,0
DA:122,0
DA:123,0
DA:124,0
DA:125,0
DA:126,0
DA:127,0
DA:128,0
DA:129,0
DA:130,0
DA:131,0
DA:133,0
DA:134,0
DA:135,0
DA:136,0
DA:137,0
DA:138,0
DA:139,0
DA:140,0
DA:141,0
DA:142,0
DA:144,0
DA:145,0
DA:146,0
DA:149,0
DA:151,0
DA:152,0
DA:153,0
DA:154,0
DA:155,0
DA:156,0
DA:157,0
LF:117
LH:0
BRDA:1,0,0,0
BRF:1
BRH:0
end_of_record
TN:
SF:src/hooks/use-mobile.tsx
FN:1,(empty-report)
FNF:1
FNH:0
FNDA:0,(empty-report)
DA:1,0
DA:3,0
DA:5,0
DA:6,0
DA:8,0
DA:9,0
DA:10,0
DA:11,0
DA:12,0
DA:13,0
DA:14,0
DA:15,0
DA:16,0
DA:18,0
DA:19,0
LF:15
LH:0
BRDA:1,0,0,0
BRF:1
BRH:0
end_of_record
TN:
SF:src/hooks/use-toast.ts
FN:24,genId
FN:55,addToRemoveQueue
FN:71,reducer
FN:128,dispatch
FN:137,toast
FN:166,useToast
FNF:6
FNH:0
FNDA:0,genId
FNDA:0,addToRemoveQueue
FNDA:0,reducer
FNDA:0,dispatch
FNDA:0,toast
FNDA:0,useToast
DA:1,1
DA:5,1
DA:6,1
DA:15,1
DA:16,1
DA:17,1
DA:18,1
DA:19,1
DA:20,1
DA:22,1
DA:24,0
DA:25,0
DA:26,0
DA:27,0
DA:53,1
DA:55,1
DA:56,0
DA:57,0
DA:58,0
DA:60,0
DA:61,0
DA:62,0
DA:63,0
DA:64,0
DA:65,0
DA:66,0
DA:68,0
DA:69,0
DA:71,1
DA:72,0
DA:73,0
DA:74,0
DA:75,0
DA:76,0
DA:77,0
DA:79,0
DA:80,0
DA:81,0
DA:82,0
DA:83,0
DA:85,0
DA:86,0
DA:88,0
DA:89,0
DA:90,0
DA:91,0
DA:92,0
DA:93,0
DA:94,0
DA:95,0
DA:96,0
DA:98,0
DA:99,0
DA:100,0
DA:101,0
DA:102,0
DA:103,0
DA:104,0
DA:105,0
DA:106,0
DA:108,0
DA:109,0
DA:110,0
DA:111,0
DA:112,0
DA:113,0
DA:114,0
DA:115,0
DA:116,0
DA:117,0
DA:118,0
DA:119,0
DA:120,0
DA:121,0
DA:122,0
DA:124,1
DA:126,1
DA:128,0
DA:129,0
DA:130,0
DA:131,0
DA:132,0
DA:133,0
DA:137,0
DA:138,0
DA:140,0
DA:141,0
DA:142,0
DA:143,0
DA:144,0
DA:145,0
DA:147,0
DA:148,0
DA:149,0
DA:150,0
DA:151,0
DA:152,0
DA:153,0
DA:154,0
DA:155,0
DA:156,0
DA:157,0
DA:159,0
DA:160,0
DA:161,0
DA:162,0
DA:163,0
DA:164,0
DA:166,0
DA:167,0
DA:169,0
DA:170,0
DA:171,0
DA:172,0
DA:173,0
DA:174,0
DA:175,0
DA:176,0
DA:177,0
DA:179,0
DA:180,0
DA:181,0
DA:182,0
DA:183,0
DA:184,0
LF:125
LH:15
BRF:0
BRH:0
end_of_record
TN:
SF:src/hooks/useApi.ts
FN:1,(empty-report)
FNF:1
FNH:0
FNDA:0,(empty-report)
DA:1,0
DA:51,0
DA:52,0
DA:53,0
DA:54,0
DA:55,0
DA:56,0
DA:57,0
DA:59,0
DA:60,0
DA:61,0
DA:62,0
DA:63,0
DA:64,0
DA:66,0
DA:67,0
DA:68,0
DA:69,0
DA:70,0
DA:71,0
DA:72,0
DA:73,0
DA:74,0
DA:75,0
DA:76,0
DA:77,0
DA:79,0
DA:80,0
DA:81,0
DA:82,0
DA:83,0
DA:84,0
DA:85,0
DA:86,0
DA:88,0
DA:89,0
DA:90,0
DA:91,0
DA:92,0
DA:93,0
DA:94,0
DA:95,0
DA:96,0
DA:98,0
DA:99,0
DA:100,0
DA:101,0
DA:102,0
DA:104,0
DA:105,0
DA:106,0
DA:107,0
DA:108,0
DA:109,0
DA:110,0
DA:112,0
DA:113,0
DA:114,0
DA:115,0
DA:116,0
DA:117,0
DA:118,0
DA:119,0
DA:120,0
DA:121,0
DA:122,0
DA:123,0
DA:124,0
DA:126,0
DA:127,0
DA:128,0
DA:129,0
DA:130,0
DA:131,0
DA:132,0
DA:133,0
DA:134,0
DA:135,0
DA:136,0
DA:137,0
DA:138,0
DA:140,0
DA:141,0
DA:142,0
DA:143,0
DA:144,0
DA:145,0
DA:146,0
DA:147,0
DA:148,0
DA:149,0
DA:150,0
DA:151,0
DA:152,0
DA:154,0
DA:155,0
DA:156,0
DA:157,0
DA:158,0
DA:159,0
DA:160,0
DA:161,0
DA:162,0
DA:163,0
DA:164,0
DA:165,0
DA:166,0
DA:167,0
DA:169,0
DA:170,0
DA:171,0
DA:172,0
DA:173,0
DA:174,0
DA:175,0
DA:177,0
DA:178,0
DA:179,0
DA:180,0
DA:181,0
DA:182,0
DA:183,0
DA:184,0
DA:185,0
DA:186,0
DA:187,0
DA:188,0
DA:189,0
DA:191,0
DA:192,0
DA:193,0
DA:194,0
DA:195,0
DA:196,0
DA:197,0
DA:199,0
DA:200,0
DA:201,0
DA:202,0
DA:203,0
DA:204,0
DA:205,0
DA:206,0
DA:207,0
DA:208,0
DA:209,0
DA:210,0
DA:211,0
DA:213,0
DA:214,0
DA:215,0
DA:216,0
DA:217,0
DA:218,0
DA:219,0
DA:220,0
DA:221,0
DA:222,0
DA:223,0
DA:224,0
DA:225,0
DA:227,0
DA:228,0
DA:229,0
DA:230,0
DA:231,0
DA:232,0
DA:233,0
DA:234,0
DA:235,0
DA:236,0
DA:237,0
DA:238,0
DA:239,0
DA:241,0
DA:242,0
DA:243,0
DA:244,0
DA:245,0
DA:246,0
DA:247,0
DA:249,0
DA:250,0
DA:251,0
DA:252,0
DA:253,0
DA:254,0
DA:255,0
DA:256,0
DA:257,0
DA:258,0
DA:259,0
DA:260,0
DA:261,0
DA:262,0
DA:263,0
DA:264,0
DA:265,0
DA:266,0
DA:267,0
DA:269,0
DA:270,0
DA:271,0
DA:272,0
DA:273,0
DA:274,0
DA:275,0
DA:277,0
DA:278,0
DA:279,0
DA:283,0
DA:284,0
DA:285,0
DA:286,0
DA:287,0
DA:288,0
DA:289,0
DA:291,0
DA:292,0
DA:293,0
DA:294,0
DA:295,0
DA:297,0
DA:298,0
DA:299,0
DA:300,0
DA:301,0
DA:302,0
DA:303,0
DA:304,0
DA:305,0
DA:307,0
DA:308,0
DA:309,0
DA:310,0
DA:311,0
DA:312,0
DA:313,0
DA:314,0
DA:315,0
DA:316,0
DA:317,0
DA:318,0
DA:319,0
DA:321,0
DA:322,0
DA:323,0
DA:324,0
DA:325,0
DA:326,0
DA:327,0
DA:328,0
DA:329,0
DA:330,0
DA:331,0
DA:332,0
DA:333,0
DA:335,0
DA:336,0
DA:337,0
DA:338,0
DA:339,0
DA:340,0
DA:341,0
DA:342,0
DA:343,0
DA:344,0
DA:345,0
DA:346,0
DA:347,0
DA:349,0
DA:350,0
DA:351,0
DA:352,0
DA:353,0
DA:354,0
DA:355,0
DA:356,0
DA:357,0
DA:358,0
DA:359,0
DA:360,0
DA:361,0
DA:362,0
DA:363,0
DA:364,0
DA:365,0
DA:366,0
DA:368,0
DA:369,0
DA:370,0
DA:371,0
DA:372,0
DA:373,0
DA:374,0
DA:376,0
DA:377,0
DA:378,0
DA:382,0
DA:383,0
DA:384,0
DA:385,0
DA:386,0
DA:387,0
DA:388,0
DA:389,0
DA:390,0
DA:391,0
DA:392,0
DA:393,0
DA:394,0
DA:395,0
DA:396,0
DA:397,0
DA:398,0
DA:399,0
DA:400,0
DA:401,0
DA:403,0
DA:404,0
DA:405,0
DA:406,0
DA:407,0
DA:408,0
DA:409,0
DA:410,0
DA:411,0
DA:412,0
DA:413,0
DA:414,0
DA:415,0
DA:416,0
DA:417,0
DA:418,0
DA:420,0
DA:421,0
DA:422,0
DA:423,0
DA:424,0
DA:425,0
DA:426,0
DA:427,0
DA:429,0
DA:430,0
DA:431,0
DA:432,0
DA:433,0
DA:434,0
DA:435,0
DA:436,0
DA:437,0
DA:438,0
DA:439,0
DA:440,0
DA:441,0
DA:443,0
DA:444,0
DA:445,0
DA:446,0
DA:447,0
DA:448,0
DA:449,0
DA:451,0
DA:452,0
DA:453,0
DA:454,0
DA:455,0
DA:456,0
DA:458,0
DA:459,0
DA:460,0
DA:461,0
DA:462,0
DA:463,0
DA:464,0
DA:466,0
DA:467,0
DA:468,0
DA:469,0
DA:470,0
DA:471,0
DA:472,0
DA:474,0
DA:475,0
DA:476,0
DA:477,0
DA:478,0
DA:479,0
DA:480,0
DA:481,0
DA:482,0
DA:483,0
DA:484,0
DA:485,0
DA:486,0
DA:487,0
DA:488,0
LF:397
LH:0
BRDA:1,0,0,0
BRF:1
BRH:0
end_of_record
TN:
SF:src/lib/api.ts
FN:62,getHeaders
FN:77,request
FN:124,downloadFile
FN:188,login
FN:196,register
FN:204,getBillingSummary
FN:208,createBillingCheckout
FN:215,createBillingPortal
FN:222,getCurrentOrg
FN:227,getSummary
FN:236,getEvents
FN:246,getRules
FN:250,createRule
FN:257,updateRule
FN:264,toggleRule
FN:270,simulateRules
FN:278,getRates
FN:282,importRatesCSV
FN:304,createWAConnection
FN:311,testWAConnection
FN:318,getProviders
FN:322,setProviderCredentials
FN:332,healthCheckProvider
FN:339,getTemplates
FN:347,createTemplate
FN:354,updateTemplate
FN:361,deleteTemplate
FN:367,syncTemplates
FN:374,getIntegrationConnections
FN:378,testIntegrationConnection
FN:390,getContacts
FN:438,getContact
FN:442,getContactConsentHistory
FN:446,createContactImport
FN:470,getContactImportJob
FN:475,getContactSegments
FN:491,createContactSegment
FN:498,updateContactSegment
FN:505,deleteContactSegment
FN:512,getMessageJobs
FN:536,getMessageJobDetails
FN:551,sendMessage
FN:559,getDashboardMetrics
FN:563,getProviderMetrics
FN:567,getChannelMetrics
FN:579,getQueueMetrics
FN:591,downloadSummary
FN:609,downloadProviderMetrics
FN:619,downloadChannelMetrics
FN:637,downloadQueueMetrics
FN:656,simulateAdvanced
FNF:51
FNH:0
FNDA:0,getHeaders
FNDA:0,request
FNDA:0,downloadFile
FNDA:0,login
FNDA:0,register
FNDA:0,getBillingSummary
FNDA:0,createBillingCheckout
FNDA:0,createBillingPortal
FNDA:0,getCurrentOrg
FNDA:0,getSummary
FNDA:0,getEvents
FNDA:0,getRules
FNDA:0,createRule
FNDA:0,updateRule
FNDA:0,toggleRule
FNDA:0,simulateRules
FNDA:0,getRates
FNDA:0,importRatesCSV
FNDA:0,createWAConnection
FNDA:0,testWAConnection
FNDA:0,getProviders
FNDA:0,setProviderCredentials
FNDA:0,healthCheckProvider
FNDA:0,getTemplates
FNDA:0,createTemplate
FNDA:0,updateTemplate
FNDA:0,deleteTemplate
FNDA:0,syncTemplates
FNDA:0,getIntegrationConnections
FNDA:0,testIntegrationConnection
FNDA:0,getContacts
FNDA:0,getContact
FNDA:0,getContactConsentHistory
FNDA:0,createContactImport
FNDA:0,getContactImportJob
FNDA:0,getContactSegments
FNDA:0,createContactSegment
FNDA:0,updateContactSegment
FNDA:0,deleteContactSegment
FNDA:0,getMessageJobs
FNDA:0,getMessageJobDetails
FNDA:0,sendMessage
FNDA:0,getDashboardMetrics
FNDA:0,getProviderMetrics
FNDA:0,getChannelMetrics
FNDA:0,getQueueMetrics
FNDA:0,downloadSummary
FNDA:0,downloadProviderMetrics
FNDA:0,downloadChannelMetrics
FNDA:0,downloadQueueMetrics
FNDA:0,simulateAdvanced
DA:55,1
DA:61,1
DA:62,1
DA:63,0
DA:64,0
DA:65,0
DA:67,0
DA:68,0
DA:69,0
DA:70,0
DA:71,0
DA:72,0
DA:74,0
DA:75,0
DA:77,1
DA:78,0
DA:80,0
DA:81,0
DA:82,0
DA:83,0
DA:84,0
DA:85,0
DA:86,0
DA:88,0
DA:89,0
DA:90,0
DA:91,0
DA:92,0
DA:93,0
DA:94,0
DA:95,0
DA:96,0
DA:97,0
DA:98,0
DA:99,0
DA:100,0
DA:101,0
DA:102,0
DA:103,0
DA:104,0
DA:106,0
DA:107,0
DA:108,0
DA:110,0
DA:111,0
DA:112,0
DA:113,0
DA:115,0
DA:116,0
DA:117,0
DA:118,0
DA:120,0
DA:121,0
DA:122,0
DA:124,1
DA:125,0
DA:126,0
DA:127,0
DA:128,0
DA:129,0
DA:130,0
DA:131,0
DA:132,0
DA:133,0
DA:134,0
DA:135,0
DA:136,0
DA:137,0
DA:139,0
DA:140,0
DA:142,0
DA:143,0
DA:144,0
DA:145,0
DA:147,0
DA:148,0
DA:149,0
DA:150,0
DA:151,0
DA:152,0
DA:153,0
DA:154,0
DA:155,0
DA:156,0
DA:157,0
DA:158,0
DA:159,0
DA:160,0
DA:162,0
DA:163,0
DA:164,0
DA:165,0
DA:166,0
DA:167,0
DA:168,0
DA:169,0
DA:170,0
DA:171,0
DA:172,0
DA:173,0
DA:174,0
DA:175,0
DA:177,0
DA:178,0
DA:179,0
DA:180,0
DA:181,0
DA:182,0
DA:183,0
DA:184,0
DA:185,0
DA:187,1
DA:188,1
DA:189,0
DA:190,0
DA:191,0
DA:192,0
DA:193,0
DA:194,0
DA:196,1
DA:197,0
DA:198,0
DA:199,0
DA:200,0
DA:201,0
DA:202,0
DA:204,1
DA:205,0
DA:206,0
DA:208,1
DA:209,0
DA:210,0
DA:211,0
DA:212,0
DA:213,0
DA:215,1
DA:216,0
DA:217,0
DA:218,0
DA:219,0
DA:221,1
DA:222,1
DA:223,0
DA:224,0
DA:226,1
DA:227,1
DA:228,0
DA:229,0
DA:230,0
DA:231,0
DA:232,0
DA:233,0
DA:235,1
DA:236,1
DA:237,0
DA:238,0
DA:239,0
DA:240,0
DA:241,0
DA:242,0
DA:243,0
DA:245,1
DA:246,1
DA:247,0
DA:248,0
DA:250,1
DA:251,0
DA:252,0
DA:253,0
DA:254,0
DA:255,0
DA:257,1
DA:258,0
DA:259,0
DA:260,0
DA:261,0
DA:262,0
DA:264,1
DA:265,0
DA:266,0
DA:267,0
DA:268,0
DA:270,1
DA:271,0
DA:272,0
DA:273,0
DA:274,0
DA:275,0
DA:277,1
DA:278,1
DA:279,0
DA:280,0
DA:282,1
DA:283,0
DA:284,0
DA:286,0
DA:287,0
DA:288,0
DA:289,0
DA:290,0
DA:291,0
DA:292,0
DA:293,0
DA:295,0
DA:296,0
DA:297,0
DA:299,0
DA:300,0
DA:301,0
DA:303,1
DA:304,1
DA:305,0
DA:306,0
DA:307,0
DA:308,0
DA:309,0
DA:311,1
DA:312,0
DA:313,0
DA:314,0
DA:315,0
DA:317,1
DA:318,1
DA:319,0
DA:320,0
DA:322,1
DA:323,0
DA:324,0
DA:325,0
DA:326,0
DA:327,0
DA:328,0
DA:329,0
DA:330,0
DA:332,1
DA:333,0
DA:334,0
DA:335,0
DA:336,0
DA:338,1
DA:339,1
DA:340,0
DA:341,0
DA:342,0
DA:343,0
DA:344,0
DA:345,0
DA:347,1
DA:348,0
DA:349,0
DA:350,0
DA:351,0
DA:352,0
DA:354,1
DA:355,0
DA:356,0
DA:357,0
DA:358,0
DA:359,0
DA:361,1
DA:362,0
DA:363,0
DA:364,0
DA:365,0
DA:367,1
DA:368,0
DA:369,0
DA:370,0
DA:371,0
DA:373,1
DA:374,1
DA:375,0
DA:376,0
DA:378,1
DA:379,0
DA:380,0
DA:381,0
DA:382,0
DA:383,0
DA:384,0
DA:385,0
DA:386,0
DA:387,0
DA:389,1
DA:390,1
DA:399,0
DA:400,0
DA:402,0
DA:403,0
DA:404,0
DA:406,0
DA:407,0
DA:408,0
DA:410,0
DA:411,0
DA:412,0
DA:414,0
DA:415,0
DA:416,0
DA:418,0
DA:419,0
DA:420,0
DA:422,0
DA:423,0
DA:424,0
DA:426,0
DA:427,0
DA:428,0
DA:430,0
DA:431,0
DA:432,0
DA:434,0
DA:435,0
DA:436,0
DA:438,1
DA:439,0
DA:440,0
DA:442,1
DA:443,0
DA:444,0
DA:446,1
DA:447,0
DA:448,0
DA:450,0
DA:451,0
DA:452,0
DA:453,0
DA:454,0
DA:455,0
DA:456,0
DA:457,0
DA:458,0
DA:459,0
DA:461,0
DA:462,0
DA:463,0
DA:464,0
DA:466,0
DA:467,0
DA:468,0
DA:470,1
DA:471,0
DA:472,0
DA:474,1
DA:475,1
DA:476,0
DA:478,0
DA:479,0
DA:480,0
DA:482,0
DA:483,0
DA:484,0
DA:486,0
DA:487,0
DA:488,0
DA:489,0
DA:491,1
DA:492,0
DA:493,0
DA:494,0
DA:495,0
DA:496,0
DA:498,1
DA:499,0
DA:500,0
DA:501,0
DA:502,0
DA:503,0
DA:505,1
DA:506,0
DA:507,0
DA:508,0
DA:509,0
DA:511,1
DA:512,1
DA:513,0
DA:514,0
DA:515,0
DA:516,0
DA:517,0
DA:518,0
DA:519,0
DA:520,0
DA:521,0
DA:522,0
DA:523,0
DA:524,0
DA:525,0
DA:526,0
DA:527,0
DA:528,0
DA:529,0
DA:530,0
DA:531,0
DA:532,0
DA:533,0
DA:534,0
DA:536,1
DA:537,0
DA:538,0
DA:539,0
DA:540,0
DA:541,0
DA:542,0
DA:543,0
DA:544,0
DA:545,0
DA:546,0
DA:547,0
DA:548,0
DA:549,0
DA:551,1
DA:552,0
DA:553,0
DA:554,0
DA:555,0
DA:556,0
DA:558,1
DA:559,1
DA:560,0
DA:561,0
DA:563,1
DA:564,0
DA:565,0
DA:567,1
DA:568,0
DA:569,0
DA:570,0
DA:571,0
DA:572,0
DA:573,0
DA:574,0
DA:575,0
DA:576,0
DA:577,0
DA:579,1
DA:580,0
DA:581,0
DA:582,0
DA:583,0
DA:584,0
DA:585,0
DA:586,0
DA:587,0
DA:588,0
DA:589,0
DA:591,1
DA:592,0
DA:593,0
DA:594,0
DA:595,0
DA:596,0
DA:597,0
DA:598,0
DA:599,0
DA:600,0
DA:601,0
DA:602,0
DA:603,0
DA:604,0
DA:605,0
DA:606,0
DA:607,0
DA:609,1
DA:610,0
DA:611,0
DA:612,0
DA:613,0
DA:614,0
DA:615,0
DA:616,0
DA:617,0
DA:619,1
DA:620,0
DA:621,0
DA:622,0
DA:623,0
DA:624,0
DA:625,0
DA:626,0
DA:627,0
DA:628,0
DA:629,0
DA:630,0
DA:631,0
DA:632,0
DA:633,0
DA:634,0
DA:635,0
DA:637,1
DA:638,0
DA:639,0
DA:640,0
DA:641,0
DA:642,0
DA:643,0
DA:644,0
DA:645,0
DA:646,0
DA:647,0
DA:648,0
DA:649,0
DA:650,0
DA:651,0
DA:652,0
DA:653,0
DA:655,1
DA:656,1
DA:657,0
DA:658,0
DA:659,0
DA:660,0
DA:661,0
DA:662,1
DA:664,1
LF:515
LH:70
BRF:0
BRH:0
end_of_record
TN:
SF:src/lib/utils.ts
FN:4,cn
FNF:1
FNH:1
FNDA:4927,cn
DA:1,1
DA:4,1
DA:5,4927
DA:6,4927
LF:4
LH:4
BRDA:4,0,0,4927
BRF:1
BRH:1
end_of_record
TN:
SF:src/pages/Dashboard.tsx
FN:41,formatCurrency
FN:43,getFlagEmoji
FN:57,formatChannelName
FN:79,generateChannelAlerts
FN:133,Dashboard
FN:318,onClick
FN:338,onClick
FN:507,onClick
FN:543,onClick
FN:589,onClick
FNF:10
FNH:5
FNDA:18,formatCurrency
FNDA:2,getFlagEmoji
FNDA:13,formatChannelName
FNDA:4,generateChannelAlerts
FNDA:4,Dashboard
FNDA:0,onClick
FNDA:0,onClick
FNDA:0,onClick
FNDA:0,onClick
FNDA:0,onClick
DA:1,1
DA:2,1
DA:3,1
DA:4,1
DA:5,1
DA:6,1
DA:7,1
DA:15,1
DA:16,1
DA:17,1
DA:18,1
DA:19,1
DA:20,1
DA:38,1
DA:41,1
DA:43,1
DA:44,2
DA:45,0
DA:46,0
DA:48,2
DA:49,2
DA:50,0
DA:51,0
DA:53,2
DA:54,2
DA:55,2
DA:57,1
DA:58,13
DA:59,13
DA:60,13
DA:61,13
DA:62,13
DA:70,1
DA:71,1
DA:72,1
DA:73,1
DA:74,1
DA:75,1
DA:79,1
DA:80,4
DA:81,4
DA:82,4
DA:84,4
DA:85,4
DA:86,2
DA:87,2
DA:88,2
DA:89,2
DA:90,2
DA:91,2
DA:92,1
DA:93,1
DA:94,1
DA:95,1
DA:96,1
DA:97,1
DA:98,4
DA:100,4
DA:102,4
DA:103,4
DA:104,4
DA:105,4
DA:106,4
DA:107,3
DA:108,3
DA:109,3
DA:110,3
DA:111,3
DA:112,3
DA:113,3
DA:115,4
DA:116,4
DA:117,2
DA:118,2
DA:119,2
DA:120,2
DA:121,2
DA:122,2
DA:123,1
DA:124,1
DA:125,1
DA:126,1
DA:127,1
DA:128,1
DA:130,4
DA:131,4
DA:133,1
DA:134,4
DA:135,4
DA:136,4
DA:137,0
DA:138,0
DA:139,0
DA:140,0
DA:141,0
DA:142,0
DA:143,0
DA:144,0
DA:145,0
DA:146,0
DA:147,0
DA:148,0
DA:149,0
DA:150,0
DA:151,0
DA:152,0
DA:153,0
DA:154,0
DA:155,0
DA:156,0
DA:157,0
DA:158,0
DA:159,0
DA:160,4
DA:162,4
DA:163,4
DA:164,4
DA:165,4
DA:166,4
DA:167,4
DA:168,4
DA:169,4
DA:170,4
DA:171,4
DA:172,4
DA:173,4
DA:174,4
DA:175,4
DA:176,4
DA:177,4
DA:178,4
DA:179,4
DA:180,4
DA:181,4
DA:182,4
DA:183,4
DA:184,4
DA:185,4
DA:187,4
DA:188,4
DA:189,4
DA:190,4
DA:191,4
DA:192,4
DA:193,4
DA:194,4
DA:195,4
DA:196,4
DA:197,4
DA:198,4
DA:199,4
DA:200,4
DA:201,4
DA:202,4
DA:204,4
DA:205,4
DA:206,4
DA:207,4
DA:208,4
DA:209,4
DA:211,4
DA:212,1
DA:213,1
DA:214,1
DA:215,1
DA:216,1
DA:217,1
DA:218,1
DA:219,1
DA:227,1
DA:229,4
DA:230,1
DA:231,1
DA:232,1
DA:233,1
DA:234,1
DA:235,1
DA:236,1
DA:242,1
DA:244,4
DA:245,4
DA:246,4
DA:247,4
DA:248,4
DA:249,4
DA:251,4
DA:253,4
DA:254,4
DA:255,4
DA:256,4
DA:257,4
DA:258,4
DA:259,4
DA:260,4
DA:261,4
DA:262,4
DA:263,4
DA:264,4
DA:265,4
DA:266,4
DA:267,4
DA:268,4
DA:269,4
DA:270,4
DA:271,4
DA:272,4
DA:273,4
DA:274,4
DA:275,4
DA:276,4
DA:277,4
DA:278,4
DA:279,4
DA:280,4
DA:281,4
DA:282,4
DA:283,4
DA:284,4
DA:285,4
DA:286,4
DA:288,4
DA:289,4
DA:291,4
DA:293,4
DA:294,4
DA:295,4
DA:296,4
DA:297,4
DA:298,4
DA:299,4
DA:300,4
DA:304,4
DA:305,4
DA:306,4
DA:307,4
DA:308,4
DA:312,4
DA:313,4
DA:314,4
DA:315,4
DA:316,4
DA:317,4
DA:318,4
DA:320,4
DA:325,4
DA:326,4
DA:327,4
DA:328,4
DA:332,4
DA:333,4
DA:334,4
DA:335,4
DA:336,4
DA:337,4
DA:338,4
DA:340,4
DA:348,4
DA:349,4
DA:350,4
DA:355,4
DA:356,4
DA:357,4
DA:358,4
DA:359,4
DA:362,4
DA:363,4
DA:364,4
DA:365,4
DA:366,4
DA:367,4
DA:369,4
DA:370,4
DA:371,4
DA:375,4
DA:376,4
DA:377,4
DA:378,4
DA:379,4
DA:382,4
DA:383,4
DA:384,4
DA:385,4
DA:387,4
DA:390,4
DA:391,4
DA:392,4
DA:393,4
DA:394,4
DA:395,4
DA:397,4
DA:400,4
DA:401,4
DA:402,4
DA:403,4
DA:404,4
DA:406,4
DA:414,4
DA:415,4
DA:416,4
DA:417,4
DA:418,4
DA:420,4
DA:421,4
DA:424,4
DA:425,0
DA:426,0
DA:427,0
DA:428,0
DA:429,0
DA:430,0
DA:431,0
DA:436,0
DA:437,0
DA:438,0
DA:439,0
DA:442,4
DA:443,4
DA:444,4
DA:445,4
DA:446,4
DA:447,4
DA:448,4
DA:453,4
DA:454,4
DA:461,4
DA:462,4
DA:463,4
DA:464,4
DA:465,4
DA:469,4
DA:470,4
DA:471,4
DA:472,4
DA:473,4
DA:474,4
DA:476,4
DA:477,4
DA:478,4
DA:479,4
DA:480,4
DA:481,5
DA:484,4
DA:486,4
DA:487,4
DA:488,4
DA:498,4
DA:500,4
DA:501,4
DA:502,4
DA:503,4
DA:504,4
DA:505,4
DA:507,4
DA:509,4
DA:513,4
DA:514,4
DA:515,4
DA:516,2
DA:517,2
DA:518,2
DA:519,2
DA:520,2
DA:521,2
DA:524,2
DA:525,2
DA:529,4
DA:536,4
DA:537,4
DA:538,4
DA:539,4
DA:540,4
DA:541,4
DA:543,4
DA:545,4
DA:549,4
DA:550,4
DA:551,4
DA:552,1
DA:553,1
DA:554,1
DA:555,1
DA:556,1
DA:557,1
DA:558,1
DA:560,1
DA:563,1
DA:565,1
DA:566,1
DA:570,4
DA:578,4
DA:579,4
DA:580,4
DA:581,4
DA:582,4
DA:583,4
DA:587,4
DA:588,4
DA:589,4
DA:590,4
DA:592,4
DA:599,4
DA:600,0
DA:601,0
DA:602,0
DA:603,0
DA:607,0
DA:608,0
DA:609,0
DA:613,4
DA:614,4
DA:615,4
DA:616,4
DA:617,4
DA:621,4
DA:622,4
DA:623,4
DA:624,4
DA:625,4
DA:626,4
DA:627,4
DA:628,4
DA:632,4
DA:633,4
DA:634,4
DA:635,4
DA:637,4
DA:638,4
DA:639,4
DA:640,4
DA:643,4
DA:644,4
DA:645,4
DA:649,4
DA:650,4
DA:651,4
DA:652,4
DA:663,4
DA:664,4
DA:665,4
DA:666,4
DA:667,4
DA:671,4
DA:672,4
DA:673,4
DA:674,4
DA:675,4
DA:676,4
DA:677,4
DA:678,4
DA:679,4
DA:680,4
DA:690,4
DA:691,1
DA:692,1
DA:693,1
DA:694,1
DA:698,1
DA:699,1
DA:700,1
DA:701,1
DA:702,1
DA:703,1
DA:709,1
DA:713,4
DA:715,1
LF:465
LH:420
BRDA:41,0,0,18
BRDA:43,1,0,2
BRDA:44,2,0,0
BRDA:49,3,0,0
BRDA:53,4,0,4
BRDA:57,5,0,13
BRDA:61,6,0,13
BRDA:79,7,0,4
BRDA:85,8,0,2
BRDA:91,9,0,1
BRDA:106,10,0,3
BRDA:115,11,0,0
BRDA:116,12,0,2
BRDA:122,13,0,1
BRDA:133,14,0,4
BRDA:188,15,0,0
BRDA:189,16,0,0
BRDA:207,17,0,0
BRDA:208,18,0,0
BRDA:211,19,0,1
BRDA:227,20,0,3
BRDA:229,21,0,1
BRDA:236,22,0,0
BRDA:242,23,0,2
BRDA:244,24,0,0
BRDA:245,25,0,2
BRDA:245,26,0,0
BRDA:246,27,0,2
BRDA:246,28,0,0
BRDA:247,29,0,2
BRDA:247,30,0,0
BRDA:248,31,0,2
BRDA:248,32,0,0
BRDA:249,33,0,2
BRDA:249,34,0,0
BRDA:251,35,0,1
BRDA:251,36,0,1
BRDA:257,37,0,1
BRDA:257,38,0,1
BRDA:258,39,0,1
BRDA:258,40,0,1
BRDA:260,41,0,1
BRDA:260,42,0,1
BRDA:265,43,0,1
BRDA:265,44,0,1
BRDA:281,45,0,0
BRDA:281,46,0,2
BRDA:282,47,0,2
BRDA:282,48,0,0
BRDA:284,49,0,2
BRDA:284,50,0,0
BRDA:288,51,0,2
BRDA:288,52,0,0
BRDA:289,53,0,2
BRDA:289,54,0,0
BRDA:291,55,0,1
BRDA:291,56,0,1
BRDA:421,57,0,0
BRDA:421,58,0,2
BRDA:424,59,0,0
BRDA:436,60,0,0
BRDA:515,61,0,1
BRDA:551,62,0,1
BRDA:599,63,0,0
BRDA:607,64,0,0
BRDA:663,65,0,2
BRDA:663,66,0,2
BRDA:690,67,0,2
BRDA:690,68,0,1
BRDA:709,69,0,1
BRDA:190,70,0,4
BRDA:192,71,0,0
BRDA:192,72,0,4
BRDA:198,73,0,4
BRDA:200,74,0,0
BRDA:200,75,0,4
BRDA:479,76,0,4
BRDA:480,77,0,5
BRDA:484,78,0,4
BRDA:484,79,0,5
BRDA:515,80,0,2
BRDA:551,81,0,1
BRDA:557,82,0,0
BRDA:560,83,0,0
BRDA:627,84,0,0
BRDA:628,85,0,0
BRF:86
BRH:56
end_of_record
TN:
SF:src/pages/Index.tsx
FN:1,(empty-report)
FNF:1
FNH:0
FNDA:0,(empty-report)
DA:1,0
DA:2,0
DA:3,0
DA:4,0
DA:5,0
DA:6,0
DA:8,0
DA:9,0
DA:11,0
DA:12,0
DA:13,0
DA:14,0
DA:15,0
DA:16,0
DA:17,0
DA:18,0
DA:19,0
DA:20,0
DA:21,0
DA:22,0
DA:23,0
DA:24,0
DA:26,0
DA:27,0
DA:28,0
DA:31,0
DA:33,0
LF:27
LH:0
BRDA:1,0,0,0
BRF:1
BRH:0
end_of_record
TN:
SF:src/pages/Login.tsx
FN:1,(empty-report)
FNF:1
FNH:0
FNDA:0,(empty-report)
DA:1,0
DA:2,0
DA:3,0
DA:4,0
DA:5,0
DA:6,0
DA:7,0
DA:8,0
DA:10,0
DA:11,0
DA:12,0
DA:13,0
DA:14,0
DA:16,0
DA:17,0
DA:18,0
DA:19,0
DA:20,0
DA:21,0
DA:22,0
DA:23,0
DA:24,0
DA:25,0
DA:26,0
DA:28,0
DA:29,0
DA:30,0
DA:31,0
DA:32,0
DA:33,0
DA:34,0
DA:37,0
DA:38,0
DA:40,0
DA:41,0
DA:42,0
DA:43,0
DA:44,0
DA:45,0
DA:46,0
DA:47,0
DA:48,0
DA:49,0
DA:50,0
DA:53,0
DA:54,0
DA:55,0
DA:56,0
DA:57,0
DA:58,0
DA:59,0
DA:60,0
DA:61,0
DA:64,0
DA:65,0
DA:66,0
DA:67,0
DA:69,0
DA:71,0
DA:72,0
DA:73,0
DA:82,0
DA:84,0
LF:63
LH:0
BRDA:1,0,0,0
BRF:1
BRH:0
end_of_record
TN:
SF:src/pages/Messages.tsx
FN:15,Messages
FN:47,getStatusIcon
FN:60,getStatusVariant
FN:73,formatDirection
FN:77,getDirectionVariant
FN:214,onClick
FN:228,onOpenChange
FNF:7
FNH:6
FNDA:7,Messages
FNDA:14,getStatusIcon
FNDA:18,getStatusVariant
FNDA:22,formatDirection
FNDA:22,getDirectionVariant
FNDA:1,onClick
FNDA:0,onOpenChange
DA:1,1
DA:15,1
DA:16,7
DA:17,7
DA:18,7
DA:20,7
DA:21,7
DA:22,7
DA:23,7
DA:26,7
DA:27,7
DA:28,7
DA:29,7
DA:30,7
DA:32,7
DA:33,7
DA:34,7
DA:35,6
DA:36,17
DA:38,7
DA:40,7
DA:42,7
DA:43,7
DA:44,7
DA:47,7
DA:48,14
DA:49,14
DA:50,14
DA:51,14
DA:52,14
DA:53,14
DA:54,14
DA:55,14
DA:56,14
DA:57,14
DA:58,14
DA:60,7
DA:61,18
DA:62,18
DA:63,10
DA:64,18
DA:65,5
DA:66,18
DA:67,3
DA:68,18
DA:69,0
DA:70,18
DA:71,18
DA:73,7
DA:74,22
DA:75,22
DA:77,7
DA:78,22
DA:79,22
DA:81,7
DA:82,0
DA:83,0
DA:84,0
DA:85,0
DA:89,0
DA:91,7
DA:92,7
DA:93,7
DA:94,7
DA:95,7
DA:96,7
DA:97,7
DA:102,7
DA:103,7
DA:104,7
DA:105,7
DA:107,7
DA:108,7
DA:109,7
DA:110,7
DA:111,7
DA:112,7
DA:116,7
DA:117,7
DA:118,7
DA:120,7
DA:121,7
DA:122,7
DA:123,7
DA:124,7
DA:132,7
DA:133,7
DA:134,7
DA:135,7
DA:136,7
DA:139,7
DA:140,7
DA:141,7
DA:142,7
DA:143,7
DA:144,7
DA:145,7
DA:146,7
DA:147,7
DA:148,7
DA:149,7
DA:150,7
DA:151,7
DA:152,7
DA:155,7
DA:156,7
DA:157,0
DA:158,0
DA:163,7
DA:164,7
DA:165,7
DA:166,7
DA:168,7
DA:169,7
DA:170,7
DA:173,7
DA:174,7
DA:175,7
DA:177,7
DA:178,7
DA:179,7
DA:180,7
DA:181,7
DA:182,7
DA:185,7
DA:186,7
DA:187,7
DA:188,7
DA:189,7
DA:193,7
DA:194,7
DA:195,7
DA:196,7
DA:197,7
DA:201,7
DA:202,7
DA:204,7
DA:205,7
DA:206,7
DA:207,7
DA:208,7
DA:210,7
DA:211,7
DA:212,7
DA:213,7
DA:214,7
DA:215,7
DA:217,7
DA:228,7
DA:229,7
DA:230,7
DA:231,7
DA:232,7
DA:235,7
DA:236,7
DA:237,7
DA:238,7
DA:239,7
DA:240,7
DA:242,7
DA:243,7
DA:244,7
DA:245,7
DA:246,7
DA:247,7
DA:248,7
DA:250,7
DA:253,7
DA:254,7
DA:255,7
DA:256,7
DA:259,7
DA:260,7
DA:261,7
DA:263,7
DA:264,7
DA:265,7
DA:267,7
DA:268,7
DA:269,7
DA:271,7
DA:272,7
DA:273,7
DA:274,7
DA:277,7
DA:278,7
DA:279,7
DA:283,7
DA:284,7
DA:285,7
DA:286,7
DA:287,7
DA:288,7
DA:289,7
DA:290,7
DA:291,7
DA:292,7
DA:293,7
DA:294,7
DA:297,7
DA:298,7
DA:300,7
DA:301,7
DA:302,7
DA:305,7
DA:306,7
DA:307,7
DA:310,7
DA:311,7
DA:312,7
DA:316,7
DA:317,7
DA:318,7
DA:320,7
DA:328,7
DA:329,2
DA:330,2
DA:331,2
DA:332,2
DA:333,2
DA:334,2
DA:335,2
DA:336,2
DA:337,2
DA:338,2
DA:341,2
DA:342,2
DA:343,2
DA:344,4
DA:345,4
DA:346,4
DA:347,4
DA:348,4
DA:350,4
DA:351,2
DA:352,2
DA:354,2
DA:356,4
DA:357,4
DA:358,4
DA:359,4
DA:360,4
DA:361,4
DA:362,0
DA:365,4
DA:366,4
DA:368,4
DA:369,2
DA:370,2
DA:372,2
DA:376,2
DA:385,2
DA:393,7
LF:253
LH:244
BRDA:15,0,0,7
BRDA:20,1,0,5
BRDA:20,2,0,2
BRDA:27,3,0,1
BRDA:27,4,0,6
BRDA:28,5,0,1
BRDA:28,6,0,6
BRDA:29,7,0,1
BRDA:32,8,0,0
BRDA:81,9,0,0
BRDA:156,10,0,0
BRDA:245,11,0,0
BRDA:250,12,0,0
BRDA:279,13,0,0
BRDA:328,14,0,2
BRDA:385,15,0,2
BRDA:22,16,0,3
BRDA:22,17,0,0
BRDA:34,18,0,6
BRDA:35,19,0,17
BRDA:36,20,0,11
BRDA:36,21,0,6
BRDA:43,22,0,3
BRDA:43,23,0,7
BRDA:47,24,0,14
BRDA:60,25,0,18
BRDA:62,26,0,10
BRDA:64,27,0,5
BRDA:66,28,0,3
BRDA:68,29,0,0
BRDA:73,30,0,22
BRDA:74,31,0,2
BRDA:74,32,0,20
BRDA:77,33,0,22
BRDA:78,34,0,2
BRDA:78,35,0,20
BRDA:179,36,0,7
BRDA:180,37,0,7
BRDA:182,38,0,7
BRDA:202,39,0,6
BRDA:202,40,0,8
BRDA:214,41,0,1
BRDA:337,42,0,0
BRDA:343,43,0,4
BRDA:350,44,0,2
BRDA:354,45,0,2
BRDA:361,46,0,0
BRDA:368,47,0,2
BRDA:372,48,0,2
BRF:49
BRH:39
end_of_record
TN:
SF:src/pages/NotFound.tsx
FN:1,(empty-report)
FNF:1
FNH:0
FNDA:0,(empty-report)
DA:1,0
DA:2,0
DA:4,0
DA:5,0
DA:7,0
DA:8,0
DA:9,0
DA:11,0
DA:12,0
DA:13,0
DA:14,0
DA:15,0
DA:16,0
DA:22,0
DA:24,0
LF:15
LH:0
BRDA:1,0,0,0
BRF:1
BRH:0
end_of_record
TN:
SF:src/pages/Providers.tsx
FN:16,Providers
FN:24,handleSubmitCredentials
FN:45,handleHealthCheck
FN:67,openCredentialsDialog
FN:72,handleDialogChange
FN:179,onClick
FN:188,onClick
FN:217,onCancel
FNF:8
FNH:4
FNDA:6,Providers
FNDA:2,handleSubmitCredentials
FNDA:0,handleHealthCheck
FNDA:2,openCredentialsDialog
FNDA:0,handleDialogChange
FNDA:2,onClick
FNDA:0,onClick
FNDA:0,onCancel
DA:1,1
DA:16,1
DA:17,6
DA:18,6
DA:19,6
DA:21,6
DA:22,6
DA:24,6
DA:25,2
DA:27,2
DA:28,2
DA:29,2
DA:30,2
DA:31,2
DA:32,2
DA:33,2
DA:34,2
DA:35,0
DA:36,0
DA:37,0
DA:38,0
DA:39,0
DA:40,0
DA:41,0
DA:42,0
DA:43,2
DA:45,6
DA:46,0
DA:47,0
DA:48,0
DA:49,0
DA:50,0
DA:51,0
DA:52,0
DA:53,0
DA:54,0
DA:55,0
DA:56,0
DA:57,0
DA:58,0
DA:59,0
DA:60,0
DA:61,0
DA:62,0
DA:63,0
DA:64,0
DA:65,0
DA:67,6
DA:68,2
DA:69,2
DA:70,2
DA:72,6
DA:73,0
DA:74,0
DA:75,0
DA:76,0
DA:77,0
DA:79,6
DA:80,4
DA:81,4
DA:82,4
DA:83,4
DA:84,2
DA:85,2
DA:86,3
DA:87,3
DA:88,3
DA:89,3
DA:90,3
DA:91,3
DA:92,3
DA:93,0
DA:94,0
DA:95,3
DA:96,2
DA:97,6
DA:99,6
DA:101,6
DA:102,0
DA:103,0
DA:104,0
DA:105,0
DA:109,0
DA:111,6
DA:112,6
DA:113,6
DA:114,6
DA:115,6
DA:116,6
DA:121,6
DA:122,6
DA:123,6
DA:124,6
DA:125,3
DA:126,3
DA:128,6
DA:130,6
DA:131,6
DA:132,6
DA:133,6
DA:134,6
DA:135,6
DA:136,6
DA:139,6
DA:141,6
DA:142,6
DA:143,6
DA:144,3
DA:145,3
DA:146,3
DA:149,3
DA:150,6
DA:151,6
DA:156,6
DA:157,6
DA:158,6
DA:159,6
DA:163,6
DA:164,6
DA:165,6
DA:166,6
DA:167,6
DA:168,6
DA:174,6
DA:175,6
DA:176,6
DA:177,6
DA:178,6
DA:179,6
DA:181,6
DA:185,6
DA:186,6
DA:187,6
DA:188,6
DA:189,6
DA:191,6
DA:198,6
DA:201,6
DA:202,6
DA:203,6
DA:204,6
DA:205,6
DA:210,6
DA:211,4
DA:212,4
DA:213,4
DA:214,4
DA:215,4
DA:216,4
DA:217,4
DA:220,6
DA:225,6
DA:226,6
DA:227,6
DA:228,6
DA:229,6
DA:230,6
DA:240,6
LF:158
LH:118
BRDA:16,0,0,6
BRDA:99,1,0,0
BRDA:101,2,0,0
BRDA:204,3,0,4
BRDA:210,4,0,4
BRDA:210,5,0,4
BRDA:24,6,0,2
BRDA:25,7,0,0
BRDA:34,8,0,0
BRDA:67,9,0,2
BRDA:79,10,0,4
BRDA:80,11,0,2
BRDA:81,12,0,0
BRDA:83,13,0,0
BRDA:83,14,0,2
BRDA:85,15,0,3
BRDA:92,16,0,0
BRDA:87,17,0,3
BRDA:122,18,0,6
BRDA:124,19,0,3
BRDA:126,20,0,3
BRDA:135,21,0,0
BRDA:143,22,0,3
BRDA:156,23,0,0
BRDA:189,24,0,3
BRDA:126,25,0,3
BRDA:179,26,0,2
BRF:27
BRH:18
end_of_record
TN:
SF:src/pages/Register.tsx
FN:1,(empty-report)
FNF:1
FNH:0
FNDA:0,(empty-report)
DA:1,0
DA:2,0
DA:3,0
DA:4,0
DA:5,0
DA:6,0
DA:7,0
DA:8,0
DA:10,0
DA:11,0
DA:12,0
DA:13,0
DA:14,0
DA:15,0
DA:17,0
DA:18,0
DA:19,0
DA:20,0
DA:21,0
DA:22,0
DA:23,0
DA:24,0
DA:25,0
DA:26,0
DA:27,0
DA:29,0
DA:30,0
DA:31,0
DA:32,0
DA:33,0
DA:34,0
DA:35,0
DA:38,0
DA:39,0
DA:41,0
DA:42,0
DA:43,0
DA:44,0
DA:45,0
DA:46,0
DA:47,0
DA:48,0
DA:49,0
DA:50,0
DA:51,0
DA:54,0
DA:55,0
DA:56,0
DA:57,0
DA:58,0
DA:59,0
DA:60,0
DA:61,0
DA:62,0
DA:65,0
DA:66,0
DA:67,0
DA:68,0
DA:69,0
DA:70,0
DA:71,0
DA:72,0
DA:73,0
DA:74,0
DA:76,0
DA:78,0
DA:79,0
DA:80,0
DA:81,0
DA:83,0
DA:85,0
DA:86,0
DA:87,0
DA:96,0
DA:98,0
LF:75
LH:0
BRDA:1,0,0,0
BRF:1
BRH:0
end_of_record
TN:
SF:src/pages/Reports.tsx
FN:1,(empty-report)
FNF:1
FNH:0
FNDA:0,(empty-report)
DA:1,0
DA:2,0
DA:3,0
DA:4,0
DA:5,0
DA:6,0
DA:7,0
DA:8,0
DA:18,0
DA:53,0
DA:54,0
DA:55,0
DA:56,0
DA:57,0
DA:58,0
DA:60,0
DA:61,0
DA:63,0
DA:64,0
DA:65,0
DA:66,0
DA:67,0
DA:68,0
DA:69,0
DA:70,0
DA:71,0
DA:72,0
DA:73,0
DA:74,0
DA:75,0
DA:76,0
DA:77,0
DA:78,0
DA:79,0
DA:80,0
DA:81,0
DA:82,0
DA:83,0
DA:84,0
DA:85,0
DA:86,0
DA:87,0
DA:88,0
DA:89,0
DA:91,0
DA:93,0
DA:94,0
DA:95,0
DA:96,0
DA:97,0
DA:99,0
DA:100,0
DA:101,0
DA:102,0
DA:103,0
DA:104,0
DA:105,0
DA:106,0
DA:107,0
DA:108,0
DA:109,0
DA:110,0
DA:111,0
DA:112,0
DA:115,0
DA:116,0
DA:117,0
DA:118,0
DA:119,0
DA:120,0
DA:121,0
DA:122,0
DA:123,0
DA:124,0
DA:125,0
DA:126,0
DA:127,0
DA:128,0
DA:129,0
DA:130,0
DA:132,0
DA:133,0
DA:145,0
DA:146,0
DA:147,0
DA:148,0
DA:149,0
DA:150,0
DA:151,0
DA:152,0
DA:153,0
DA:154,0
DA:155,0
DA:156,0
DA:157,0
DA:158,0
DA:159,0
DA:160,0
DA:161,0
DA:162,0
DA:163,0
DA:164,0
DA:165,0
DA:166,0
DA:167,0
DA:168,0
DA:170,0
DA:171,0
DA:172,0
DA:173,0
DA:174,0
DA:175,0
DA:176,0
DA:177,0
DA:178,0
DA:179,0
DA:180,0
DA:181,0
DA:182,0
DA:183,0
DA:184,0
DA:186,0
DA:187,0
DA:188,0
DA:189,0
DA:190,0
DA:191,0
DA:192,0
DA:193,0
DA:194,0
DA:195,0
DA:196,0
DA:197,0
DA:199,0
DA:200,0
DA:201,0
DA:202,0
DA:203,0
DA:204,0
DA:205,0
DA:206,0
DA:207,0
DA:208,0
DA:209,0
DA:210,0
DA:212,0
DA:213,0
DA:214,0
DA:215,0
DA:216,0
DA:217,0
DA:219,0
DA:220,0
DA:221,0
DA:222,0
DA:223,0
DA:224,0
DA:225,0
DA:226,0
DA:232,0
DA:234,0
DA:236,0
DA:237,0
DA:238,0
DA:240,0
DA:241,0
DA:242,0
DA:243,0
DA:248,0
DA:249,0
DA:250,0
DA:251,0
DA:252,0
DA:253,0
DA:254,0
DA:255,0
DA:256,0
DA:258,0
DA:263,0
DA:264,0
DA:268,0
DA:269,0
DA:276,0
DA:277,0
DA:278,0
DA:279,0
DA:280,0
DA:281,0
DA:282,0
DA:283,0
DA:284,0
DA:285,0
DA:288,0
DA:293,0
DA:294,0
DA:295,0
DA:296,0
DA:297,0
DA:298,0
DA:299,0
DA:300,0
DA:301,0
DA:304,0
DA:309,0
DA:310,0
DA:311,0
DA:312,0
DA:313,0
DA:314,0
DA:315,0
DA:316,0
DA:317,0
DA:320,0
DA:325,0
DA:326,0
DA:327,0
DA:328,0
DA:329,0
DA:330,0
DA:331,0
DA:332,0
DA:333,0
DA:336,0
DA:343,0
DA:344,0
DA:345,0
DA:346,0
DA:349,0
DA:350,0
DA:353,0
DA:354,0
DA:360,0
DA:361,0
DA:362,0
DA:363,0
DA:364,0
DA:368,0
DA:369,0
DA:370,0
DA:371,0
DA:375,0
DA:376,0
DA:377,0
DA:378,0
DA:379,0
DA:382,0
DA:383,0
DA:384,0
DA:387,0
DA:388,0
DA:389,0
DA:392,0
DA:393,0
DA:394,0
DA:397,0
DA:398,0
DA:399,0
DA:403,0
DA:404,0
DA:405,0
DA:408,0
DA:409,0
DA:410,0
DA:413,0
DA:414,0
DA:415,0
DA:417,0
DA:429,0
DA:430,0
DA:431,0
DA:432,0
DA:433,0
DA:437,0
DA:438,0
DA:439,0
DA:440,0
DA:444,0
DA:445,0
DA:446,0
DA:447,0
DA:449,0
DA:450,0
DA:451,0
DA:452,0
DA:453,0
DA:454,0
DA:457,0
DA:461,0
DA:462,0
DA:463,0
DA:466,0
DA:467,0
DA:468,0
DA:471,0
DA:472,0
DA:473,0
DA:476,0
DA:477,0
DA:478,0
DA:482,0
DA:483,0
DA:484,0
DA:487,0
DA:488,0
DA:489,0
DA:492,0
DA:493,0
DA:494,0
DA:495,0
DA:496,0
DA:497,0
DA:509,0
DA:510,0
DA:511,0
DA:512,0
DA:513,0
DA:517,0
DA:518,0
DA:519,0
DA:520,0
DA:521,0
DA:522,0
DA:523,0
DA:528,0
DA:529,0
DA:530,0
DA:531,0
DA:532,0
DA:533,0
DA:535,0
DA:536,0
DA:537,0
DA:548,0
DA:550,0
LF:334
LH:0
BRDA:1,0,0,0
BRF:1
BRH:0
end_of_record
TN:
SF:src/pages/Rules.tsx
FN:38,isRuleActions
FN:41,normalizeRule
FN:70,getConditionValues
FN:75,getCategoryColor
FN:88,Rules
FN:174,handleToggle
FN:178,handleSimulate
FN:186,handleOpenCreate
FN:191,handleEdit
FN:196,handleFormSubmit
FN:204,handleFormOpenChange
FN:345,onCheckedChange
FN:356,onClick
FN:505,onClick
FNF:14
FNH:4
FNDA:2,isRuleActions
FNDA:2,normalizeRule
FNDA:6,getConditionValues
FNDA:0,getCategoryColor
FNDA:3,Rules
FNDA:0,handleToggle
FNDA:0,handleSimulate
FNDA:0,handleOpenCreate
FNDA:0,handleEdit
FNDA:0,handleFormSubmit
FNDA:0,handleFormOpenChange
FNDA:0,onCheckedChange
FNDA:0,onClick
FNDA:0,onClick
DA:1,1
DA:3,1
DA:4,1
DA:5,1
DA:6,1
DA:7,1
DA:8,1
DA:9,1
DA:10,1
DA:11,1
DA:20,1
DA:29,1
DA:38,1
DA:39,2
DA:41,1
DA:42,2
DA:43,0
DA:44,0
DA:46,2
DA:47,2
DA:48,0
DA:49,0
DA:51,2
DA:52,2
DA:53,0
DA:54,0
DA:55,2
DA:57,2
DA:58,2
DA:60,2
DA:61,2
DA:62,2
DA:63,2
DA:64,2
DA:65,2
DA:66,2
DA:67,2
DA:68,2
DA:70,1
DA:71,6
DA:72,6
DA:73,6
DA:75,1
DA:76,0
DA:77,0
DA:78,0
DA:79,0
DA:80,0
DA:81,0
DA:82,0
DA:83,0
DA:84,0
DA:85,0
DA:86,0
DA:88,1
DA:89,3
DA:90,3
DA:91,3
DA:92,3
DA:93,3
DA:94,3
DA:95,3
DA:97,3
DA:98,3
DA:100,3
DA:102,3
DA:103,3
DA:104,3
DA:105,0
DA:106,0
DA:107,0
DA:108,0
DA:109,3
DA:112,3
DA:113,3
DA:114,3
DA:115,0
DA:116,0
DA:117,3
DA:118,3
DA:120,3
DA:121,3
DA:122,3
DA:123,3
DA:124,3
DA:125,3
DA:126,3
DA:128,3
DA:129,3
DA:130,3
DA:133,3
DA:134,3
DA:136,3
DA:137,2
DA:138,2
DA:140,1
DA:141,2
DA:142,2
DA:143,2
DA:144,2
DA:145,1
DA:147,1
DA:149,3
DA:150,0
DA:151,0
DA:153,1
DA:154,1
DA:155,1
DA:156,1
DA:157,1
DA:158,3
DA:160,3
DA:162,3
DA:163,3
DA:164,2
DA:165,2
DA:167,1
DA:168,1
DA:169,1
DA:170,1
DA:171,1
DA:172,3
DA:174,3
DA:175,0
DA:176,0
DA:178,3
DA:179,0
DA:180,0
DA:181,0
DA:183,0
DA:184,0
DA:186,3
DA:187,0
DA:188,0
DA:189,0
DA:191,3
DA:192,0
DA:193,0
DA:194,0
DA:196,3
DA:197,0
DA:198,0
DA:199,0
DA:200,0
DA:201,0
DA:202,0
DA:204,3
DA:205,0
DA:206,0
DA:207,0
DA:208,0
DA:209,0
DA:211,3
DA:212,1
DA:213,1
DA:214,1
DA:215,1
DA:216,1
DA:217,1
DA:218,1
DA:224,1
DA:226,2
DA:227,2
DA:228,3
DA:229,3
DA:230,3
DA:231,3
DA:232,3
DA:233,1
DA:234,1
DA:235,3
DA:237,3
DA:238,3
DA:239,3
DA:241,3
DA:242,3
DA:243,3
DA:244,3
DA:245,3
DA:246,3
DA:247,3
DA:248,3
DA:250,3
DA:251,1
DA:252,1
DA:255,3
DA:258,3
DA:263,3
DA:264,3
DA:265,3
DA:266,3
DA:267,3
DA:268,3
DA:270,3
DA:275,3
DA:276,3
DA:277,3
DA:278,3
DA:279,3
DA:280,3
DA:282,3
DA:287,3
DA:288,3
DA:289,3
DA:290,3
DA:291,3
DA:292,3
DA:294,3
DA:297,3
DA:298,3
DA:307,3
DA:308,3
DA:309,0
DA:310,0
DA:311,0
DA:312,0
DA:313,0
DA:316,0
DA:317,0
DA:323,3
DA:324,2
DA:325,2
DA:326,2
DA:327,2
DA:328,2
DA:329,2
DA:330,0
DA:331,2
DA:333,2
[...]
DA:671,4
DA:672,4
DA:673,4
DA:674,4
DA:676,4
DA:677,4
DA:678,4
DA:679,4
DA:688,4
DA:689,4
DA:690,4
DA:691,4
DA:692,4
DA:696,4
DA:697,4
DA:698,0
DA:699,0
DA:700,0
DA:703,4
DA:704,4
DA:705,4
DA:706,4
DA:708,4
DA:709,4
DA:710,4
DA:712,4
DA:713,4
DA:714,4
DA:716,4
DA:717,4
DA:718,4
DA:725,4
DA:726,4
DA:727,4
DA:728,4
DA:732,4
DA:733,4
DA:734,4
DA:735,4
DA:736,4
DA:738,4
DA:741,4
DA:743,4
DA:744,4
DA:745,4
DA:746,4
DA:748,4
DA:751,4
DA:753,4
DA:754,4
DA:755,4
DA:756,4
DA:758,4
DA:765,4
DA:766,4
DA:767,4
DA:768,4
DA:769,4
DA:770,4
DA:771,4
DA:772,4
DA:774,4
DA:775,4
DA:776,0
DA:777,3
DA:780,4
DA:783,4
DA:784,4
DA:785,0
DA:786,0
DA:787,0
DA:788,0
DA:791,0
DA:792,4
DA:793,4
DA:794,4
DA:795,4
DA:796,4
DA:798,4
DA:799,4
DA:800,0
DA:801,4
DA:804,4
DA:805,4
DA:806,4
DA:807,4
DA:808,4
DA:809,0
DA:810,4
DA:813,4
DA:814,4
DA:815,4
DA:816,0
DA:817,4
DA:820,4
DA:821,4
DA:822,4
DA:823,4
DA:825,4
DA:827,4
DA:828,0
DA:829,0
DA:832,4
DA:838,4
DA:840,4
DA:841,4
DA:842,0
DA:843,0
DA:848,4
DA:852,4
DA:853,4
DA:854,4
DA:855,4
DA:857,4
DA:859,4
DA:860,4
DA:861,0
DA:862,0
DA:863,0
DA:864,0
DA:865,0
DA:866,0
DA:867,0
DA:868,0
DA:869,0
DA:872,0
DA:873,0
DA:874,0
DA:875,0
DA:876,4
DA:878,4
DA:880,4
DA:893,4
DA:895,1
LF:579
LH:473
BRDA:55,0,0,4
BRDA:82,1,0,0
BRDA:83,2,0,0
BRDA:113,3,0,2
BRDA:144,4,0,0
BRDA:145,5,0,1
BRDA:145,6,0,2
BRDA:147,7,0,3
BRDA:177,8,0,0
BRDA:177,9,0,3
BRDA:178,10,0,0
BRDA:178,11,0,3
BRDA:189,12,0,3
BRDA:209,13,0,0
BRDA:209,14,0,3
BRDA:210,15,0,0
BRDA:210,16,0,3
BRDA:211,17,0,0
BRDA:211,18,0,3
BRDA:291,19,0,1
BRDA:291,20,0,2
BRDA:399,21,0,1
BRDA:399,22,0,1
BRDA:399,23,0,2
BRDA:402,24,0,1
BRDA:402,25,0,2
BRDA:404,26,0,1
BRDA:412,27,0,0
BRDA:413,28,0,2
BRDA:420,29,0,3
BRDA:423,30,0,0
BRDA:423,31,0,3
BRDA:438,32,0,1
BRDA:438,33,0,2
BRDA:447,34,0,1
BRDA:450,35,0,1
BRDA:455,36,0,1
BRDA:464,37,0,1
BRDA:464,38,0,2
BRDA:466,39,0,1
BRDA:471,40,0,1
BRDA:471,41,0,2
BRDA:477,42,0,1
BRDA:477,43,0,2
BRDA:479,44,0,0
BRDA:481,45,0,2
BRDA:481,46,0,1
BRDA:481,47,0,1
BRDA:500,48,0,1
BRDA:500,49,0,2
BRDA:513,50,0,1
BRDA:516,51,0,1
BRDA:521,52,0,1
BRDA:524,53,0,1
BRDA:524,54,0,1
BRDA:530,55,0,1
BRDA:530,56,0,2
BRDA:532,57,0,1
BRDA:535,58,0,1
BRDA:535,59,0,2
BRDA:541,60,0,1
BRDA:541,61,0,2
BRDA:543,62,0,0
BRDA:544,63,0,2
BRDA:544,64,0,1
BRDA:544,65,0,1
BRDA:562,66,0,1
BRDA:562,67,0,2
BRDA:572,68,0,1
BRDA:572,69,0,2
BRDA:603,70,0,0
BRDA:603,71,0,3
BRDA:613,72,0,0
BRDA:697,73,0,0
BRDA:710,74,0,0
BRDA:714,75,0,0
BRDA:718,76,0,0
BRDA:775,77,0,0
BRDA:777,78,0,3
BRDA:784,79,0,0
BRDA:796,80,0,0
BRDA:796,81,0,0
BRDA:799,82,0,0
BRDA:799,83,0,0
BRDA:808,84,0,0
BRDA:815,85,0,0
BRDA:823,86,0,0
BRDA:827,87,0,0
BRDA:827,88,0,0
BRDA:827,89,0,0
BRDA:841,90,0,0
BRDA:841,91,0,0
BRDA:857,92,0,0
BRDA:878,93,0,0
BRDA:80,94,0,3
BRDA:113,95,0,4
BRDA:117,96,0,12
BRDA:120,97,0,8
BRDA:124,98,0,4
BRDA:125,99,0,2
BRDA:125,100,0,6
BRDA:128,101,0,8
BRDA:129,102,0,4
BRDA:129,103,0,3
BRDA:130,104,0,5
BRDA:132,105,0,3
BRDA:135,106,0,0
BRDA:149,107,0,3
BRDA:150,108,0,0
BRDA:152,109,0,0
BRDA:164,110,0,3
BRDA:165,111,0,0
BRDA:192,112,0,3
BRDA:194,113,0,3
BRDA:196,114,0,0
BRDA:197,115,0,0
BRDA:199,116,0,0
BRDA:200,117,0,0
BRDA:202,118,0,0
BRF:119
BRH:76
end_of_record
TN:
SF:src/pages/Templates.tsx
FN:1,(empty-report)
FNF:1
FNH:0
FNDA:0,(empty-report)
DA:1,0
DA:10,0
DA:11,0
DA:12,0
DA:14,0
DA:15,0
DA:16,0
DA:17,0
DA:19,0
DA:21,0
DA:22,0
DA:23,0
DA:24,0
DA:25,0
DA:27,0
DA:28,0
DA:29,0
DA:30,0
DA:31,0
DA:33,0
DA:34,0
DA:35,0
DA:36,0
DA:37,0
DA:38,0
DA:39,0
DA:41,0
DA:42,0
DA:43,0
DA:44,0
DA:46,0
DA:47,0
DA:48,0
DA:49,0
DA:50,0
DA:51,0
DA:52,0
DA:56,0
DA:57,0
DA:60,0
DA:61,0
DA:62,0
DA:64,0
DA:65,0
DA:71,0
DA:72,0
DA:73,0
DA:74,0
DA:75,0
DA:76,0
DA:77,0
DA:78,0
DA:81,0
DA:82,0
DA:83,0
DA:84,0
DA:85,0
DA:86,0
DA:87,0
DA:90,0
DA:91,0
DA:92,0
DA:93,0
DA:95,0
DA:96,0
DA:97,0
DA:98,0
DA:99,0
DA:100,0
DA:102,0
DA:103,0
DA:104,0
DA:110,0
DA:111,0
DA:112,0
DA:113,0
DA:114,0
DA:116,0
DA:117,0
DA:118,0
DA:128,0
DA:129,0
DA:130,0
DA:132,0
DA:133,0
DA:134,0
DA:139,0
DA:140,0
DA:141,0
DA:142,0
DA:143,0
DA:144,0
DA:145,0
DA:146,0
DA:148,0
DA:151,0
DA:152,0
DA:153,0
DA:155,0
DA:156,0
DA:157,0
DA:158,0
DA:170,0
LF:103
LH:0
BRDA:1,0,0,0
BRF:1
BRH:0
end_of_record
TN:
SF:src/pages/Contacts/Detail.tsx
FN:29,formatDateTime
FN:48,getInitialContact
FN:56,normalizeSegments
FN:86,normalizeNotes
FN:126,getDisplayName
FN:135,getOptInLabel
FN:140,ContactDetailPage
FN:167,onClick
FNF:8
FNH:7
FNDA:5,formatDateTime
FNDA:2,getInitialContact
FNDA:2,normalizeSegments
FNDA:2,normalizeNotes
FNDA:2,getDisplayName
FNDA:1,getOptInLabel
FNDA:2,ContactDetailPage
FNDA:0,onClick
DA:1,1
DA:29,1
DA:30,5
DA:31,5
DA:32,5
DA:33,5
DA:34,5
DA:35,5
DA:36,5
DA:37,5
DA:39,1
DA:40,1
DA:41,1
DA:42,1
DA:43,1
DA:44,1
DA:45,1
DA:46,1
DA:48,1
DA:49,2
DA:50,0
DA:51,0
DA:52,0
DA:53,2
DA:54,2
DA:56,1
DA:57,2
DA:58,0
DA:59,0
DA:61,2
DA:62,2
DA:63,2
DA:64,1
DA:65,1
DA:67,1
DA:68,1
DA:69,1
DA:70,1
DA:77,1
DA:78,1
DA:79,1
DA:80,1
DA:81,1
DA:82,1
DA:83,1
DA:84,1
DA:86,1
DA:87,2
DA:88,0
DA:89,0
DA:91,2
DA:92,2
DA:93,2
DA:94,1
DA:95,1
DA:97,1
DA:98,1
DA:99,1
DA:100,1
DA:110,1
DA:111,0
DA:112,1
DA:114,1
DA:115,1
DA:116,1
DA:117,1
DA:118,1
DA:119,1
DA:120,1
DA:121,1
DA:122,1
DA:123,1
DA:124,1
DA:126,1
DA:127,2
DA:128,1
DA:129,2
DA:130,0
DA:131,0
DA:132,2
DA:133,2
DA:135,1
DA:136,1
DA:137,1
DA:138,1
DA:140,1
DA:141,2
DA:142,2
DA:143,2
DA:144,2
DA:145,2
DA:147,2
DA:148,2
DA:149,2
DA:150,2
DA:151,2
DA:153,2
DA:154,2
DA:155,2
DA:156,2
DA:157,2
DA:159,2
DA:160,2
DA:161,2
DA:163,2
DA:164,2
DA:165,2
DA:166,2
DA:167,2
DA:168,2
DA:171,2
DA:172,2
DA:173,2
DA:174,2
DA:175,2
DA:181,2
DA:182,1
DA:183,1
DA:184,1
DA:188,2
DA:189,2
DA:190,2
DA:191,2
DA:192,2
DA:196,2
DA:197,2
DA:198,0
DA:199,0
DA:200,0
DA:201,0
DA:203,0
DA:204,2
DA:205,2
DA:206,2
DA:207,2
DA:208,2
DA:210,2
DA:211,2
DA:212,2
DA:214,2
DA:215,2
DA:216,2
DA:218,2
DA:219,2
DA:223,2
DA:224,2
DA:225,2
DA:227,2
DA:228,2
DA:230,2
DA:231,2
DA:232,2
DA:235,2
DA:236,2
DA:237,2
DA:238,2
DA:239,2
DA:246,2
DA:249,2
DA:250,2
DA:251,2
DA:252,2
DA:253,2
DA:254,1
DA:255,1
DA:256,1
DA:258,1
DA:262,2
DA:269,2
DA:270,2
DA:271,2
DA:272,2
DA:276,2
DA:277,2
DA:278,0
DA:279,0
DA:280,0
DA:281,0
DA:283,2
DA:284,2
DA:285,2
DA:286,2
DA:287,2
DA:288,2
DA:289,2
DA:291,2
DA:292,2
DA:298,2
DA:305,2
DA:306,2
DA:307,2
DA:308,2
DA:309,2
DA:313,2
DA:314,2
DA:315,0
DA:316,0
DA:317,0
DA:320,2
DA:321,1
DA:322,1
DA:323,1
DA:324,1
DA:325,1
DA:326,1
DA:327,1
DA:329,1
DA:330,1
DA:331,1
DA:332,1
DA:333,1
DA:334,1
DA:344,2
DA:349,2
DA:350,2
DA:351,2
DA:352,2
DA:356,2
DA:357,2
DA:358,0
DA:359,0
DA:361,0
DA:362,0
DA:363,0
DA:364,0
DA:367,2
DA:368,1
DA:369,1
DA:370,1
DA:371,1
DA:372,1
DA:373,1
DA:374,1
DA:375,1
DA:376,1
DA:379,1
DA:380,1
DA:381,1
DA:382,1
DA:383,1
DA:384,1
DA:385,1
DA:386,1
DA:389,1
DA:390,1
DA:392,1
DA:393,1
DA:394,1
DA:395,1
DA:396,1
DA:397,1
DA:398,1
DA:399,1
DA:400,1
DA:404,1
DA:413,2
DA:421,2
LF:257
LH:229
BRDA:29,0,0,5
BRDA:30,1,0,0
BRDA:32,2,0,0
BRDA:48,3,0,2
BRDA:49,4,0,0
BRDA:49,5,0,0
BRDA:49,6,0,0
BRDA:56,7,0,2
BRDA:57,8,0,1
BRDA:57,9,0,0
BRDA:57,10,0,0
BRDA:61,11,0,1
BRDA:62,12,0,1
BRDA:63,13,0,1
BRDA:68,14,0,1
BRDA:69,15,0,1
BRDA:78,16,0,0
BRDA:79,17,0,0
BRDA:80,18,0,0
BRDA:81,19,0,0
BRDA:86,20,0,2
BRDA:87,21,0,1
BRDA:87,22,0,0
BRDA:87,23,0,0
BRDA:91,24,0,1
BRDA:92,25,0,1
BRDA:93,26,0,1
BRDA:98,27,0,1
BRDA:99,28,0,1
BRDA:110,29,0,0
BRDA:115,30,0,0
BRDA:116,31,0,0
BRDA:117,32,0,0
BRDA:118,33,0,0
BRDA:119,34,0,0
BRDA:120,35,0,0
BRDA:126,36,0,2
BRDA:127,37,0,1
BRDA:128,38,0,0
BRDA:129,39,0,0
BRDA:132,40,0,0
BRDA:135,41,0,1
BRDA:137,42,0,0
BRDA:140,43,0,2
BRDA:161,44,0,1
BRDA:161,45,0,1
BRDA:175,46,0,0
BRDA:181,47,0,1
BRDA:197,48,0,0
BRDA:197,49,0,0
BRDA:208,50,0,0
BRDA:212,51,0,0
BRDA:216,52,0,0
BRDA:277,53,0,0
BRDA:277,54,0,0
BRDA:314,55,0,0
BRDA:314,56,0,0
BRDA:320,57,0,1
BRDA:357,58,0,0
BRDA:361,59,0,0
BRDA:367,60,0,1
BRDA:367,61,0,1
BRDA:159,62,0,2
BRDA:160,63,0,2
BRDA:253,64,0,1
BRDA:256,65,0,0
BRDA:330,66,0,0
BRDA:390,67,0,0
BRF:68
BRH:29
end_of_record
TN:
SF:src/pages/Contacts/ImportWizard.tsx
FN:76,sanitizeHeader
FN:78,detectDelimiter
FN:87,parseCsv
FN:96,pushField
FN:101,pushRow
FN:179,normalizeComparison
FN:182,autoMapColumns
FN:214,escapeCsvValue
FN:221,buildWebsocketUrl
FN:231,ImportWizard
FN:282,queryFn
FN:284,refetchInterval
FN:291,mutationFn
FN:292,onSuccess
FN:301,onError
FN:327,socket.onopen
FN:331,socket.onmessage
FN:340,socket.onerror
FN:344,socket.onclose
FN:389,resetWizard
FN:409,handleFileChange
FN:439,handleMappingChange
FN:452,handleGenerateImport
FN:589,onClick
FN:614,onValueChange
FN:651,onClick
FN:654,onClick
FN:671,onClick
FN:674,onClick
FN:725,onClick
FN:803,onClick
FNF:31
FNH:19
FNDA:5,sanitizeHeader
FNDA:2,detectDelimiter
FNDA:2,parseCsv
FNDA:10,pushField
FNDA:4,pushRow
FNDA:5,normalizeComparison
FNDA:2,autoMapColumns
FNDA:2,escapeCsvValue
FNDA:1,buildWebsocketUrl
FNDA:10,ImportWizard
FNDA:1,queryFn
FNDA:16,refetchInterval
FNDA:1,mutationFn
FNDA:1,onSuccess
FNDA:0,onError
FNDA:1,socket.onopen
FNDA:0,socket.onmessage
FNDA:0,socket.onerror
FNDA:1,socket.onclose
FNDA:0,resetWizard
FNDA:2,handleFileChange
FNDA:0,handleMappingChange
FNDA:1,handleGenerateImport
FNDA:0,onClick
FNDA:0,onValueChange
FNDA:0,onClick
FNDA:2,onClick
FNDA:0,onClick
FNDA:0,onClick
FNDA:0,onClick
FNDA:0,onClick
DA:1,1
DA:2,1
DA:3,1
DA:4,1
DA:5,1
DA:6,1
DA:7,1
DA:8,1
DA:9,1
DA:10,1
DA:11,1
DA:19,1
DA:20,1
DA:21,1
DA:22,1
DA:23,1
DA:26,1
DA:27,1
DA:28,1
DA:29,1
DA:30,1
DA:43,1
DA:44,1
DA:45,1
DA:46,1
DA:47,1
DA:48,1
DA:49,1
DA:58,1
DA:59,1
DA:60,1
DA:61,1
DA:62,1
DA:63,1
DA:64,1
DA:66,1
DA:67,1
DA:68,1
DA:69,1
DA:70,1
DA:71,1
DA:72,1
DA:74,1
DA:76,1
DA:78,1
DA:79,2
DA:80,2
DA:81,2
DA:82,0
DA:83,0
DA:84,2
DA:85,2
DA:87,1
DA:88,2
DA:89,2
DA:91,2
DA:92,2
DA:93,2
DA:94,2
DA:96,2
DA:97,10
DA:98,10
DA:99,10
DA:101,2
DA:102,4
DA:103,4
DA:104,4
DA:105,4
DA:106,4
DA:108,2
DA:109,107
DA:111,107
DA:112,0
DA:113,0
DA:114,0
DA:115,0
DA:117,107
DA:118,0
DA:119,0
DA:120,0
DA:122,107
DA:123,107
DA:125,107
DA:126,6
DA:127,6
DA:128,6
DA:130,107
DA:131,2
DA:132,2
DA:133,2
DA:134,0
DA:135,0
DA:136,2
DA:137,2
DA:139,99
DA:140,99
DA:142,2
DA:143,2
DA:144,2
DA:145,2
DA:147,2
DA:148,0
DA:149,0
DA:151,2
DA:152,2
DA:153,2
DA:155,2
DA:156,2
DA:157,2
DA:158,2
DA:159,5
DA:160,5
DA:161,2
DA:162,2
DA:163,2
DA:165,2
DA:166,2
DA:167,2
DA:168,2
DA:169,2
DA:171,1
DA:172,1
DA:173,1
DA:174,1
DA:175,1
DA:176,1
DA:177,1
DA:179,1
DA:180,5
DA:182,1
DA:183,2
DA:184,2
DA:185,2
DA:186,2
DA:187,2
DA:188,2
DA:189,2
DA:191,2
DA:192,2
DA:193,5
DA:194,5
DA:195,25
DA:196,20
DA:197,20
DA:198,5
DA:199,5
DA:200,5
DA:201,5
DA:202,5
DA:203,25
DA:204,5
DA:206,2
DA:207,0
DA:208,0
DA:209,0
DA:211,2
DA:212,2
DA:214,1
DA:215,2
DA:216,2
DA:217,2
DA:218,2
DA:219,2
DA:221,1
DA:222,1
DA:223,1
DA:224,1
DA:225,1
DA:226,1
DA:227,1
DA:228,1
DA:229,1
DA:231,1
DA:232,10
DA:233,10
DA:234,10
DA:235,10
DA:236,10
DA:237,10
DA:238,10
DA:239,10
DA:240,10
DA:241,10
DA:242,10
DA:243,10
DA:244,10
DA:245,10
DA:246,10
DA:247,10
DA:248,10
DA:250,10
DA:252,10
DA:253,10
DA:254,10
DA:257,10
DA:258,4
DA:259,2
DA:260,2
DA:262,2
DA:263,2
DA:264,2
DA:265,2
DA:266,2
DA:267,2
DA:268,2
DA:269,2
DA:270,2
DA:271,5
DA:272,5
DA:273,5
DA:274,2
DA:275,2
DA:276,10
DA:278,10
DA:280,10
DA:281,10
DA:282,10
DA:283,10
DA:284,10
DA:285,16
DA:286,16
DA:287,16
DA:288,10
DA:290,10
DA:291,10
DA:292,10
DA:293,1
DA:294,1
DA:295,1
DA:296,1
DA:297,1
DA:298,1
DA:299,1
DA:300,1
DA:301,10
DA:302,0
DA:303,0
DA:304,0
DA:305,0
DA:306,0
DA:307,0
DA:308,10
DA:310,10
DA:311,3
DA:312,2
DA:313,2
DA:315,1
DA:316,1
DA:318,1
DA:319,1
DA:320,1
DA:321,1
DA:322,3
DA:323,0
DA:324,0
DA:325,0
DA:327,1
DA:328,1
DA:329,1
DA:331,1
DA:332,0
DA:333,0
DA:334,0
DA:335,0
DA:336,0
DA:337,0
DA:338,0
DA:340,1
DA:341,0
DA:342,0
DA:344,1
DA:345,1
DA:346,1
DA:348,1
DA:349,1
DA:350,1
DA:351,10
DA:353,10
DA:354,3
DA:355,2
DA:356,2
DA:358,3
DA:359,0
DA:360,0
DA:361,0
DA:362,10
DA:364,10
DA:365,3
DA:366,2
DA:367,2
DA:369,3
DA:370,0
DA:371,0
DA:372,0
DA:373,0
DA:374,0
DA:375,0
DA:377,0
DA:378,0
DA:379,0
DA:380,0
DA:381,0
DA:382,0
DA:383,0
DA:384,0
DA:386,1
DA:387,10
DA:389,10
DA:390,0
DA:391,0
DA:392,0
DA:393,0
DA:394,0
DA:395,0
DA:396,0
DA:397,0
DA:398,0
DA:399,0
DA:400,0
DA:401,0
DA:402,0
DA:403,0
DA:404,0
DA:405,0
DA:406,0
DA:407,0
DA:409,10
DA:410,2
DA:411,2
DA:413,2
DA:414,2
DA:415,2
DA:416,2
DA:417,2
DA:418,2
DA:419,0
DA:420,0
DA:421,2
DA:422,2
DA:423,2
DA:424,2
DA:425,2
DA:426,2
DA:427,2
DA:428,0
DA:429,0
DA:430,0
DA:431,0
DA:432,0
DA:433,2
DA:434,2
DA:435,2
DA:436,2
DA:437,2
DA:439,10
DA:440,0
DA:441,0
DA:442,0
DA:443,0
DA:444,0
DA:445,0
DA:446,0
DA:447,0
DA:448,0
DA:449,0
DA:450,0
DA:452,10
DA:453,1
DA:454,0
DA:455,0
DA:456,0
DA:458,1
DA:459,0
DA:460,0
DA:461,0
DA:462,0
DA:463,0
DA:464,0
DA:465,0
DA:467,1
DA:468,1
DA:471,1
DA:472,1
DA:473,1
DA:476,1
DA:477,1
DA:478,1
DA:479,1
DA:481,1
DA:482,1
DA:483,1
DA:485,10
DA:486,3
DA:487,1
DA:488,1
DA:489,1
DA:490,0
DA:491,0
DA:492,0
DA:493,0
DA:494,0
DA:495,10
DA:497,10
DA:498,10
DA:500,10
DA:502,10
DA:503,10
DA:504,10
DA:505,10
DA:506,10
DA:507,10
DA:508,10
DA:509,10
DA:513,10
DA:514,10
DA:515,10
DA:517,10
DA:518,10
DA:525,10
DA:526,10
DA:527,30
DA:528,30
DA:529,30
DA:530,30
DA:531,30
DA:532,30
DA:533,30
DA:534,30
DA:536,30
DA:537,30
DA:541,30
DA:545,10
DA:546,10
DA:547,10
DA:548,10
DA:550,10
DA:551,10
DA:554,10
DA:555,10
DA:556,10
DA:557,10
DA:558,10
DA:559,10
DA:560,10
DA:561,10
DA:564,10
DA:565,10
DA:566,10
DA:567,10
DA:570,10
DA:571,10
DA:572,10
DA:573,10
DA:580,10
DA:581,10
DA:582,10
DA:583,10
DA:584,10
DA:585,10
DA:589,10
DA:593,10
DA:594,10
DA:595,10
DA:596,10
DA:598,10
DA:601,10
DA:602,10
DA:603,10
DA:604,10
DA:605,10
DA:606,10
DA:607,10
DA:608,10
DA:609,10
DA:610,10
DA:612,10
DA:613,10
DA:614,10
DA:615,0
DA:618,10
DA:619,10
DA:621,10
DA:622,10
DA:623,10
DA:625,10
DA:626,10
DA:627,10
DA:632,10
DA:633,10
DA:635,10
DA:638,10
DA:641,10
DA:642,10
DA:643,10
DA:644,10
DA:650,10
DA:651,10
DA:654,10
DA:661,10
DA:662,10
DA:663,10
DA:664,10
DA:665,10
DA:666,10
DA:670,10
DA:671,10
DA:674,10
DA:679,10
DA:680,10
DA:681,10
DA:682,10
DA:684,10
DA:687,10
DA:688,10
DA:689,10
DA:690,10
DA:691,10
DA:692,10
DA:693,10
DA:694,10
DA:698,10
DA:699,10
DA:700,10
DA:701,10
DA:702,10
DA:703,10
DA:711,10
DA:712,10
DA:716,10
DA:717,10
DA:718,10
DA:724,10
DA:725,10
DA:728,10
DA:729,10
DA:730,10
DA:732,10
DA:738,10
DA:739,10
DA:740,10
DA:741,10
DA:745,10
DA:746,10
DA:747,10
DA:748,10
DA:749,10
DA:750,10
DA:751,10
DA:754,10
DA:756,10
DA:757,10
DA:758,10
DA:759,10
DA:760,10
DA:761,10
DA:763,10
DA:767,10
DA:769,10
DA:770,10
DA:771,10
DA:772,10
DA:773,10
DA:776,10
DA:777,10
DA:778,10
DA:779,10
DA:784,10
DA:785,0
DA:786,0
DA:787,0
DA:788,0
DA:791,0
DA:793,10
DA:794,10
DA:795,10
DA:796,10
DA:802,10
DA:803,10
DA:806,10
DA:807,10
DA:808,10
DA:809,10
DA:810,10
DA:811,10
DA:812,10
DA:823,10
DA:825,1
LF:587
LH:479
BRDA:76,0,0,5
BRDA:78,1,0,2
BRDA:79,2,0,0
BRDA:81,3,0,0
BRDA:87,4,0,2
BRDA:88,5,0,0
BRDA:108,6,0,107
BRDA:111,7,0,0
BRDA:111,8,0,0
BRDA:111,9,0,0
BRDA:117,10,0,0
BRDA:122,11,0,6
BRDA:123,12,0,105
BRDA:123,13,0,2
BRDA:125,14,0,6
BRDA:128,15,0,101
BRDA:130,16,0,2
BRDA:133,17,0,0
BRDA:133,18,0,0
BRDA:137,19,0,99
BRDA:142,20,0,0
BRDA:147,21,0,0
BRDA:151,22,0,0
BRDA:96,23,0,10
BRDA:101,24,0,4
BRDA:152,25,0,5
BRDA:156,26,0,2
BRDA:158,27,0,5
BRDA:159,28,0,0
BRDA:163,29,0,2
BRDA:163,30,0,2
BRDA:179,31,0,5
BRDA:180,32,0,0
BRDA:182,33,0,2
BRDA:206,34,0,0
BRDA:192,35,0,5
BRDA:194,36,0,25
BRDA:195,37,0,21
BRDA:195,38,0,20
BRDA:197,39,0,5
BRDA:198,40,0,6
BRDA:214,41,0,2
BRDA:215,42,0,0
BRDA:218,43,0,0
BRDA:221,44,0,1
BRDA:223,45,0,0
BRDA:231,46,0,10
BRDA:498,47,0,6
BRDA:500,48,0,4
BRDA:517,49,0,2
BRDA:517,50,0,8
BRDA:730,51,0,3
BRDA:730,52,0,3
BRDA:732,53,0,1
BRDA:732,54,0,3
BRDA:761,55,0,0
BRDA:761,56,0,0
BRDA:763,57,0,0
BRDA:773,58,0,0
BRDA:779,59,0,0
BRDA:784,60,0,0
BRDA:253,61,0,4
BRDA:253,62,0,20
BRDA:253,63,0,16
BRDA:257,64,0,4
BRDA:258,65,0,2
BRDA:262,66,0,2
BRDA:270,67,0,5
BRDA:272,68,0,0
BRDA:272,69,0,0
BRDA:278,70,0,4
BRDA:282,71,0,1
BRDA:284,72,0,16
BRDA:285,73,0,0
BRDA:286,74,0,0
BRDA:291,75,0,1
BRDA:292,76,0,1
BRDA:310,77,0,3
BRDA:311,78,0,2
BRDA:313,79,0,1
BRDA:322,80,0,0
BRDA:325,81,0,1
BRDA:327,82,0,1
BRDA:344,83,0,1
BRDA:348,84,0,1
BRDA:353,85,0,3
BRDA:354,86,0,1
BRDA:354,87,0,2
BRDA:356,88,0,1
BRDA:358,89,0,0
BRDA:364,90,0,3
BRDA:365,91,0,2
BRDA:367,92,0,1
BRDA:369,93,0,0
BRDA:384,94,0,1
BRDA:409,95,0,2
BRDA:411,96,0,0
BRDA:418,97,0,0
BRDA:427,98,0,0
BRDA:452,99,0,1
BRDA:453,100,0,0
BRDA:458,101,0,0
BRDA:478,102,0,0
BRDA:467,103,0,5
BRDA:467,104,0,4
BRDA:468,105,0,2
BRDA:472,106,0,1
BRDA:473,107,0,2
BRDA:473,108,0,0
BRDA:485,109,0,3
BRDA:486,110,0,2
BRDA:486,111,0,1
BRDA:489,112,0,0
BRDA:526,113,0,30
BRDA:530,114,0,10
BRDA:530,115,0,20
BRDA:534,116,0,10
BRDA:534,117,0,20
BRDA:602,118,0,10
BRDA:604,119,0,5
BRDA:604,120,0,0
BRDA:604,121,0,5
BRDA:605,122,0,5
BRDA:605,123,0,0
BRDA:635,124,0,0
BRDA:654,125,0,2
BRF:126
BRH:84
end_of_record
TN:
SF:src/pages/Contacts/List.tsx
FN:65,getDisplayName
FN:73,getOptInLabel
FN:78,ContactListPage
FN:109,handlePrevious
FN:113,handleNext
FN:139,onValueChange
FN:171,onValueChange
FN:190,onChange
FN:204,onClick
FN:222,onClick
FN:293,onClick
FN:308,onClick
FNF:12
FNH:3
FNDA:1,getDisplayName
FNDA:1,getOptInLabel
FNDA:3,ContactListPage
FNDA:0,handlePrevious
FNDA:0,handleNext
FNDA:0,onValueChange
FNDA:0,onValueChange
FNDA:0,onChange
FNDA:0,onClick
FNDA:0,onClick
FNDA:0,onClick
FNDA:0,onClick
DA:1,1
DA:30,1
DA:32,1
DA:33,1
DA:34,1
DA:35,1
DA:36,1
DA:37,1
DA:39,1
DA:40,1
DA:41,1
DA:42,1
DA:43,1
DA:44,1
DA:46,1
DA:47,1
DA:48,1
DA:49,1
DA:50,1
DA:51,1
DA:53,1
DA:54,1
DA:55,1
DA:56,1
DA:57,1
DA:59,1
DA:60,1
DA:61,1
DA:62,1
DA:63,1
DA:65,1
DA:66,1
DA:67,1
DA:68,0
DA:69,0
DA:70,1
DA:71,1
DA:73,1
DA:74,1
DA:75,1
DA:76,1
DA:78,1
DA:79,3
DA:80,3
DA:81,3
DA:82,3
DA:83,3
DA:85,3
DA:86,3
DA:87,3
DA:89,3
DA:90,3
DA:91,3
DA:92,3
DA:93,3
DA:94,3
DA:95,3
DA:96,3
DA:97,3
DA:98,3
DA:101,3
DA:103,3
DA:104,3
DA:105,3
DA:106,3
DA:107,3
DA:109,3
DA:110,0
DA:111,0
DA:113,3
DA:114,0
DA:115,0
DA:116,0
DA:117,0
DA:119,3
DA:120,3
DA:121,3
DA:122,3
DA:123,3
DA:124,3
DA:125,3
DA:127,3
DA:128,3
DA:132,3
DA:133,3
DA:134,3
DA:136,3
DA:137,3
DA:138,3
DA:139,3
DA:140,3
DA:141,3
DA:143,3
DA:144,3
DA:145,3
DA:146,3
DA:153,3
DA:154,3
DA:155,3
DA:156,3
DA:157,3
DA:159,3
DA:160,3
DA:161,3
DA:162,3
DA:169,3
DA:170,3
DA:171,3
DA:172,3
DA:173,3
DA:175,3
DA:176,3
DA:177,3
DA:178,3
DA:185,3
DA:186,3
DA:187,3
DA:188,3
DA:189,3
DA:190,3
DA:196,3
DA:197,3
DA:198,3
DA:199,3
DA:200,3
DA:201,3
DA:204,3
DA:208,3
DA:209,3
DA:210,1
DA:211,1
DA:213,1
DA:214,1
DA:215,1
DA:216,1
DA:219,3
DA:220,0
DA:221,0
DA:222,0
DA:223,0
DA:224,0
DA:225,0
DA:226,0
DA:227,0
DA:232,3
DA:233,3
DA:234,3
DA:235,3
DA:236,3
DA:237,3
DA:238,3
DA:239,3
DA:240,3
DA:243,3
DA:244,3
DA:245,3
DA:246,3
DA:247,3
DA:248,3
DA:249,3
DA:250,3
DA:254,3
DA:255,3
DA:256,3
DA:257,3
DA:260,3
DA:261,3
DA:263,3
DA:264,3
DA:265,3
DA:266,3
DA:267,1
DA:268,1
DA:272,3
DA:276,3
DA:277,3
DA:278,3
DA:288,3
DA:289,3
DA:290,3
DA:291,3
DA:292,3
DA:293,3
DA:294,0
DA:295,0
DA:296,0
DA:297,3
DA:300,3
DA:301,3
DA:302,3
DA:305,3
DA:306,3
DA:307,3
DA:308,3
DA:309,0
DA:310,0
DA:311,0
DA:312,3
DA:324,3
LF:199
LH:177
BRDA:65,0,0,1
BRDA:66,1,0,0
BRDA:67,2,0,0
BRDA:70,3,0,0
BRDA:73,4,0,1
BRDA:78,5,0,3
BRDA:103,6,0,1
BRDA:103,7,0,2
BRDA:104,8,0,1
BRDA:104,9,0,2
BRDA:105,10,0,1
BRDA:105,11,0,2
BRDA:105,12,0,0
BRDA:107,13,0,0
BRDA:201,14,0,1
BRDA:201,15,0,2
BRDA:201,16,0,1
BRDA:209,17,0,1
BRDA:213,18,0,1
BRDA:219,19,0,0
BRDA:297,20,0,0
BRDA:312,21,0,0
BRDA:85,22,0,3
BRDA:90,23,0,3
BRDA:93,24,0,0
BRDA:94,25,0,0
BRDA:95,26,0,0
BRDA:96,27,0,0
BRDA:261,28,0,0
BRDA:266,29,0,1
BRDA:267,30,0,0
BRF:31
BRH:17
end_of_record
TN:
SF:src/services/contacts.ts
FN:1,(empty-report)
FNF:1
FNH:0
FNDA:0,(empty-report)
DA:1,0
DA:22,0
DA:23,0
DA:24,0
DA:25,0
DA:26,0
DA:27,0
DA:28,0
DA:29,0
DA:30,0
DA:31,0
DA:33,0
DA:34,0
DA:36,0
DA:37,0
DA:38,0
DA:39,0
DA:40,0
DA:42,0
DA:43,0
DA:44,0
DA:45,0
DA:46,0
DA:47,0
DA:48,0
DA:49,0
DA:51,0
DA:52,0
DA:53,0
DA:54,0
DA:55,0
DA:56,0
DA:57,0
LF:33
LH:0
BRDA:1,0,0,0
BRF:1
BRH:0
end_of_record
TN:
SF:src/types/api.ts
FN:1,(empty-report)
FNF:1
FNH:1
FNDA:1,(empty-report)
DA:642,0
LF:1
LH:0
BRDA:1,0,0,1
BRF:1
BRH:1
end_of_record
